TN:
SF:src\config\swagger.js
FN:1332,(anonymous_0)
FN:1359,(anonymous_1)
FNF:2
FNH:0
FNDA:0,(anonymous_0)
FNDA:0,(anonymous_1)
DA:11,0
DA:12,0
DA:14,0
DA:1326,0
DA:1332,0
DA:1334,0
DA:1356,0
DA:1359,0
DA:1360,0
DA:1361,0
DA:1364,0
DA:1367,0
LF:12
LH:0
BRF:0
BRH:0
end_of_record
TN:
SF:src\middleware\auth.js
FN:10,(anonymous_0)
FNF:1
FNH:0
FNDA:0,(anonymous_0)
DA:1,0
DA:2,0
DA:10,0
DA:11,0
DA:13,0
DA:15,0
DA:16,0
DA:23,0
DA:26,0
DA:27,0
DA:34,0
DA:37,0
DA:38,0
DA:46,0
DA:47,0
DA:49,0
DA:50,0
DA:56,0
DA:64,0
LF:19
LH:0
BRDA:15,0,0,0
BRDA:15,0,1,0
BRDA:15,1,0,0
BRDA:15,1,1,0
BRDA:26,2,0,0
BRDA:26,2,1,0
BRDA:34,3,0,0
BRDA:34,3,1,0
BRDA:37,4,0,0
BRDA:37,4,1,0
BRDA:37,5,0,0
BRDA:37,5,1,0
BRDA:37,5,2,0
BRDA:49,6,0,0
BRDA:49,6,1,0
BRF:15
BRH:0
end_of_record
TN:
SF:src\middleware\authorize.js
FN:15,(anonymous_0)
FN:55,(anonymous_1)
FN:89,(anonymous_2)
FN:90,(anonymous_3)
FN:125,(anonymous_4)
FN:138,(anonymous_5)
FN:182,(anonymous_6)
FN:183,(anonymous_7)
FN:193,(anonymous_8)
FNF:9
FNH:0
FNDA:0,(anonymous_0)
FNDA:0,(anonymous_1)
FNDA:0,(anonymous_2)
FNDA:0,(anonymous_3)
FNDA:0,(anonymous_4)
FNDA:0,(anonymous_5)
FNDA:0,(anonymous_6)
FNDA:0,(anonymous_7)
FNDA:0,(anonymous_8)
DA:15,0
DA:16,0
DA:18,0
DA:19,0
DA:20,0
DA:26,0
DA:29,0
DA:30,0
DA:31,0
DA:39,0
DA:40,0
DA:42,0
DA:43,0
DA:55,0
DA:56,0
DA:57,0
DA:58,0
DA:65,0
DA:66,0
DA:74,0
DA:76,0
DA:89,0
DA:90,0
DA:91,0
DA:92,0
DA:93,0
DA:100,0
DA:101,0
DA:109,0
DA:111,0
DA:125,0
DA:126,0
DA:131,0
DA:138,0
DA:139,0
DA:182,0
DA:183,0
DA:184,0
DA:185,0
DA:186,0
DA:192,0
DA:193,0
DA:195,0
DA:196,0
DA:204,0
DA:206,0
DA:215,0
LF:47
LH:0
BRDA:18,0,0,0
BRDA:18,0,1,0
BRDA:29,1,0,0
BRDA:29,1,1,0
BRDA:57,2,0,0
BRDA:57,2,1,0
BRDA:65,3,0,0
BRDA:65,3,1,0
BRDA:65,4,0,0
BRDA:65,4,1,0
BRDA:92,5,0,0
BRDA:92,5,1,0
BRDA:100,6,0,0
BRDA:100,6,1,0
BRDA:131,7,0,0
BRDA:131,7,1,0
BRDA:182,8,0,0
BRDA:185,9,0,0
BRDA:185,9,1,0
BRDA:195,10,0,0
BRDA:195,10,1,0
BRF:21
BRH:0
end_of_record
TN:
SF:src\middleware\index.js
FNF:0
FNH:0
DA:5,0
DA:6,0
DA:7,0
DA:8,0
DA:9,0
DA:12,0
LF:6
LH:0
BRF:0
BRH:0
end_of_record
TN:
SF:src\middleware\rateLimiter.js
FNF:0
FNH:0
DA:9,0
DA:20,0
DA:38,0
DA:57,0
DA:75,0
DA:89,0
LF:6
LH:0
BRF:0
BRH:0
end_of_record
TN:
SF:src\middleware\upload.js
FN:25,(anonymous_0)
FN:28,(anonymous_1)
FN:38,(anonymous_2)
FN:41,(anonymous_3)
FN:51,(anonymous_4)
FN:65,(anonymous_5)
FN:98,(anonymous_6)
FN:101,(anonymous_7)
FN:129,(anonymous_8)
FNF:9
FNH:0
FNDA:0,(anonymous_0)
FNDA:0,(anonymous_1)
FNDA:0,(anonymous_2)
FNDA:0,(anonymous_3)
FNDA:0,(anonymous_4)
FNDA:0,(anonymous_5)
FNDA:0,(anonymous_6)
FNDA:0,(anonymous_7)
FNDA:0,(anonymous_8)
DA:1,0
DA:2,0
DA:3,0
DA:6,0
DA:7,0
DA:8,0
DA:12,0
DA:13,0
DA:14,0
DA:18,0
DA:19,0
DA:20,0
DA:24,0
DA:26,0
DA:30,0
DA:31,0
DA:32,0
DA:37,0
DA:39,0
DA:43,0
DA:44,0
DA:45,0
DA:46,0
DA:51,0
DA:52,0
DA:53,0
DA:55,0
DA:57,0
DA:58,0
DA:60,0
DA:65,0
DA:66,0
DA:67,0
DA:69,0
DA:71,0
DA:72,0
DA:74,0
DA:79,0
DA:88,0
DA:97,0
DA:99,0
DA:102,0
DA:103,0
DA:104,0
DA:105,0
DA:110,0
DA:119,0
DA:129,0
DA:130,0
DA:131,0
DA:132,0
DA:137,0
DA:141,0
DA:142,0
DA:147,0
DA:150,0
LF:56
LH:0
BRDA:7,0,0,0
BRDA:7,0,1,0
BRDA:13,1,0,0
BRDA:13,1,1,0
BRDA:19,2,0,0
BRDA:19,2,1,0
BRDA:43,3,0,0
BRDA:43,3,1,0
BRDA:57,4,0,0
BRDA:57,4,1,0
BRDA:57,5,0,0
BRDA:57,5,1,0
BRDA:71,6,0,0
BRDA:71,6,1,0
BRDA:71,7,0,0
BRDA:71,7,1,0
BRDA:102,8,0,0
BRDA:102,8,1,0
BRDA:130,9,0,0
BRDA:130,9,1,0
BRDA:131,10,0,0
BRDA:131,10,1,0
BRDA:141,11,0,0
BRDA:141,11,1,0
BRF:24
BRH:0
end_of_record
TN:
SF:src\middleware\validate.js
FN:11,(anonymous_0)
FN:12,(anonymous_1)
FN:19,(anonymous_2)
FN:45,(anonymous_3)
FN:46,(anonymous_4)
FN:53,(anonymous_5)
FN:78,(anonymous_6)
FN:79,(anonymous_7)
FN:85,(anonymous_8)
FNF:9
FNH:0
FNDA:0,(anonymous_0)
FNDA:0,(anonymous_1)
FNDA:0,(anonymous_2)
FNDA:0,(anonymous_3)
FNDA:0,(anonymous_4)
FNDA:0,(anonymous_5)
FNDA:0,(anonymous_6)
FNDA:0,(anonymous_7)
FNDA:0,(anonymous_8)
DA:11,0
DA:12,0
DA:13,0
DA:18,0
DA:19,0
DA:24,0
DA:35,0
DA:36,0
DA:45,0
DA:46,0
DA:47,0
DA:52,0
DA:53,0
DA:58,0
DA:68,0
DA:69,0
DA:78,0
DA:79,0
DA:80,0
DA:84,0
DA:85,0
DA:90,0
DA:100,0
DA:101,0
DA:108,0
DA:109,0
DA:110,0
DA:111,0
LF:28
LH:0
BRDA:18,0,0,0
BRDA:18,0,1,0
BRDA:52,1,0,0
BRDA:52,1,1,0
BRDA:84,2,0,0
BRDA:84,2,1,0
BRF:6
BRH:0
end_of_record
TN:
SF:src\routes\authRoutes.js
FNF:0
FNH:0
DA:6,0
DA:7,0
DA:8,0
DA:9,0
DA:10,0
DA:11,0
DA:12,0
DA:39,0
DA:55,0
DA:80,0
DA:94,0
DA:96,0
LF:12
LH:0
BRF:0
BRH:0
end_of_record
TN:
SF:src\routes\bankAccountRoutes.js
FN:64,(anonymous_0)
FN:105,(anonymous_1)
FN:175,(anonymous_2)
FN:236,(anonymous_3)
FN:279,(anonymous_4)
FN:353,(anonymous_5)
FNF:6
FNH:0
FNDA:0,(anonymous_0)
FNDA:0,(anonymous_1)
FNDA:0,(anonymous_2)
FNDA:0,(anonymous_3)
FNDA:0,(anonymous_4)
FNDA:0,(anonymous_5)
DA:6,0
DA:7,0
DA:8,0
DA:9,0
DA:10,0
DA:11,0
DA:12,0
DA:13,0
DA:62,0
DA:65,0
DA:66,0
DA:74,0
DA:76,0
DA:77,0
DA:103,0
DA:106,0
DA:107,0
DA:109,0
DA:110,0
DA:113,0
DA:115,0
DA:116,0
DA:171,0
DA:176,0
DA:177,0
DA:178,0
DA:180,0
DA:181,0
DA:232,0
DA:237,0
DA:238,0
DA:243,0
DA:244,0
DA:247,0
DA:249,0
DA:250,0
DA:276,0
DA:280,0
DA:281,0
DA:283,0
DA:284,0
DA:287,0
DA:289,0
DA:290,0
DA:351,0
DA:354,0
DA:355,0
DA:364,0
DA:366,0
DA:368,0
DA:369,0
DA:371,0
DA:372,0
DA:375,0
DA:380,0
LF:55
LH:0
BRDA:67,0,0,0
BRDA:67,0,1,0
BRDA:68,1,0,0
BRDA:68,1,1,0
BRDA:69,2,0,0
BRDA:69,2,1,0
BRDA:70,3,0,0
BRDA:70,3,1,0
BRDA:109,4,0,0
BRDA:109,4,1,0
BRDA:181,5,0,0
BRDA:181,5,1,0
BRDA:243,6,0,0
BRDA:243,6,1,0
BRDA:250,7,0,0
BRDA:250,7,1,0
BRDA:283,8,0,0
BRDA:283,8,1,0
BRDA:358,9,0,0
BRDA:358,9,1,0
BRDA:368,10,0,0
BRDA:368,10,1,0
BRDA:371,11,0,0
BRDA:371,11,1,0
BRF:24
BRH:0
end_of_record
TN:
SF:src\routes\cashbookRoutes.js
FNF:0
FNH:0
DA:9,0
DA:10,0
DA:11,0
DA:12,0
DA:13,0
DA:14,0
DA:94,0
DA:146,0
DA:168,0
DA:221,0
DA:274,0
DA:300,0
DA:336,0
DA:342,0
LF:14
LH:0
BRF:0
BRH:0
end_of_record
TN:
SF:src\routes\catalogRoutes.js
FNF:0
FNH:0
DA:6,0
DA:7,0
DA:8,0
DA:9,0
DA:10,0
DA:11,0
DA:16,0
DA:17,0
DA:44,0
DA:58,0
DA:89,0
DA:109,0
DA:141,0
DA:143,0
LF:14
LH:0
BRF:0
BRH:0
end_of_record
TN:
SF:src\routes\checkoutRoutes.js
FN:91,(anonymous_0)
FN:145,(anonymous_1)
FN:184,(anonymous_2)
FN:252,(anonymous_3)
FN:330,(anonymous_4)
FN:372,(anonymous_5)
FNF:6
FNH:0
FNDA:0,(anonymous_0)
FNDA:0,(anonymous_1)
FNDA:0,(anonymous_2)
FNDA:0,(anonymous_3)
FNDA:0,(anonymous_4)
FNDA:0,(anonymous_5)
DA:6,0
DA:7,0
DA:8,0
DA:9,0
DA:10,0
DA:11,0
DA:12,0
DA:13,0
DA:89,0
DA:92,0
DA:93,0
DA:105,0
DA:107,0
DA:108,0
DA:143,0
DA:146,0
DA:147,0
DA:153,0
DA:155,0
DA:156,0
DA:182,0
DA:185,0
DA:186,0
DA:188,0
DA:189,0
DA:192,0
DA:194,0
DA:195,0
DA:249,0
DA:253,0
DA:254,0
DA:262,0
DA:264,0
DA:266,0
DA:267,0
DA:269,0
DA:270,0
DA:273,0
DA:326,0
DA:331,0
DA:332,0
DA:340,0
DA:342,0
DA:343,0
DA:369,0
DA:373,0
DA:374,0
DA:376,0
DA:377,0
DA:380,0
DA:382,0
DA:383,0
DA:388,0
LF:53
LH:0
BRDA:94,0,0,0
BRDA:94,0,1,0
BRDA:95,1,0,0
BRDA:95,1,1,0
BRDA:96,2,0,0
BRDA:96,2,1,0
BRDA:148,3,0,0
BRDA:148,3,1,0
BRDA:188,4,0,0
BRDA:188,4,1,0
BRDA:266,5,0,0
BRDA:266,5,1,0
BRDA:269,6,0,0
BRDA:269,6,1,0
BRDA:376,7,0,0
BRDA:376,7,1,0
BRF:16
BRH:0
end_of_record
TN:
SF:src\routes\collectionRoutes.js
FNF:0
FNH:0
DA:6,0
DA:7,0
DA:8,0
DA:9,0
DA:10,0
DA:11,0
DA:16,0
DA:17,0
DA:48,0
DA:76,0
DA:90,0
DA:110,0
DA:140,0
DA:160,0
DA:162,0
LF:15
LH:0
BRF:0
BRH:0
end_of_record
TN:
SF:src\routes\customerGroupRoutes.js
FNF:0
FNH:0
DA:5,0
DA:6,0
DA:7,0
DA:8,0
DA:26,0
DA:28,0
LF:6
LH:0
BRF:0
BRH:0
end_of_record
TN:
SF:src\routes\customerRoutes.js
FNF:0
FNH:0
DA:5,0
DA:6,0
DA:7,0
DA:8,0
DA:9,0
DA:10,0
DA:11,0
DA:48,0
DA:69,0
DA:84,0
DA:99,0
DA:113,0
DA:128,0
DA:143,0
DA:149,0
LF:15
LH:0
BRF:0
BRH:0
end_of_record
TN:
SF:src\routes\discountRoutes.js
FNF:0
FNH:0
DA:9,0
DA:10,0
DA:11,0
DA:12,0
DA:13,0
DA:87,0
DA:112,0
DA:176,0
DA:212,0
DA:290,0
DA:351,0
DA:378,0
DA:404,0
DA:410,0
LF:14
LH:0
BRF:0
BRH:0
end_of_record
TN:
SF:src\routes\index.js
FNF:0
FNH:0
DA:6,0
DA:7,0
DA:10,0
DA:11,0
DA:12,0
DA:13,0
DA:14,0
DA:15,0
DA:16,0
DA:17,0
DA:18,0
DA:19,0
DA:20,0
DA:21,0
DA:22,0
DA:23,0
DA:24,0
DA:25,0
DA:26,0
DA:27,0
DA:30,0
DA:31,0
DA:32,0
DA:33,0
DA:34,0
DA:35,0
DA:38,0
DA:41,0
DA:44,0
DA:47,0
DA:50,0
DA:53,0
DA:56,0
DA:59,0
DA:62,0
DA:65,0
DA:68,0
DA:71,0
DA:74,0
DA:77,0
DA:80,0
DA:83,0
DA:86,0
DA:89,0
DA:92,0
DA:93,0
DA:96,0
DA:97,0
DA:100,0
DA:101,0
DA:104,0
DA:105,0
DA:106,0
DA:107,0
DA:108,0
DA:109,0
DA:110,0
DA:112,0
LF:58
LH:0
BRF:0
BRH:0
end_of_record
TN:
SF:src\routes\inventoryRoutes.js
FNF:0
FNH:0
DA:6,0
DA:7,0
DA:8,0
DA:9,0
DA:10,0
DA:11,0
DA:19,0
DA:20,0
DA:56,0
DA:93,0
DA:130,0
DA:165,0
DA:185,0
DA:222,0
DA:264,0
DA:266,0
LF:16
LH:0
BRF:0
BRH:0
end_of_record
TN:
SF:src\routes\orderRoutes.js
FNF:0
FNH:0
DA:6,0
DA:7,0
DA:8,0
DA:9,0
DA:10,0
DA:16,0
DA:17,0
DA:64,0
DA:84,0
DA:98,0
DA:112,0
DA:141,0
DA:161,0
DA:196,0
DA:224,0
DA:269,0
DA:289,0
DA:291,0
LF:18
LH:0
BRF:0
BRH:0
end_of_record
TN:
SF:src\routes\posRoutes.js
FNF:0
FNH:0
DA:1,0
DA:2,0
DA:4,0
DA:5,0
DA:6,0
DA:7,0
DA:54,0
DA:102,0
DA:131,0
DA:156,0
DA:181,0
DA:206,0
DA:231,0
DA:256,0
DA:290,0
DA:307,0
DA:312,0
LF:17
LH:0
BRF:0
BRH:0
end_of_record
TN:
SF:src\routes\productRoutes.js
FNF:0
FNH:0
DA:6,0
DA:7,0
DA:8,0
DA:9,0
DA:10,0
DA:11,0
DA:12,0
DA:18,0
DA:19,0
DA:20,0
DA:21,0
DA:60,0
DA:80,0
DA:99,0
DA:123,0
DA:151,0
DA:171,0
DA:203,0
DA:223,0
DA:245,0
DA:274,0
DA:294,0
DA:325,0
DA:350,0
DA:375,0
DA:405,0
DA:407,0
LF:27
LH:0
BRF:0
BRH:0
end_of_record
TN:
SF:src\routes\profileRoutes.js
FNF:0
FNH:0
DA:6,0
DA:7,0
DA:8,0
DA:9,0
DA:10,0
DA:11,0
DA:12,0
DA:13,0
DA:27,0
DA:52,0
DA:81,0
DA:105,0
DA:119,0
DA:121,0
LF:14
LH:0
BRF:0
BRH:0
end_of_record
TN:
SF:src\routes\reportRoutes.js
FNF:0
FNH:0
DA:1,0
DA:2,0
DA:4,0
DA:5,0
DA:6,0
DA:7,0
DA:8,0
DA:74,0
DA:135,0
DA:216,0
DA:273,0
DA:311,0
DA:316,0
LF:13
LH:0
BRF:0
BRH:0
end_of_record
TN:
SF:src\routes\shipmentRoutes.js
FNF:0
FNH:0
DA:9,0
DA:10,0
DA:11,0
DA:12,0
DA:13,0
DA:14,0
DA:74,0
DA:88,0
DA:102,0
DA:124,0
DA:186,0
DA:237,0
DA:263,0
DA:309,0
DA:315,0
LF:15
LH:0
BRF:0
BRH:0
end_of_record
TN:
SF:src\routes\staffRoutes.js
FNF:0
FNH:0
DA:6,0
DA:7,0
DA:8,0
DA:9,0
DA:10,0
DA:11,0
DA:18,0
DA:51,0
DA:73,0
DA:95,0
DA:128,0
DA:148,0
DA:179,0
DA:181,0
LF:14
LH:0
BRF:0
BRH:0
end_of_record
TN:
SF:src\routes\supplierRoutes.js
FNF:0
FNH:0
DA:5,0
DA:6,0
DA:7,0
DA:8,0
DA:9,0
DA:10,0
DA:11,0
DA:29,0
DA:44,0
DA:58,0
DA:74,0
DA:90,0
DA:96,0
LF:13
LH:0
BRF:0
BRH:0
end_of_record
TN:
SF:src\services\authService.js
FN:19,(anonymous_0)
FN:37,(anonymous_1)
FN:45,(anonymous_2)
FN:68,(anonymous_3)
FN:81,(anonymous_4)
FN:104,(anonymous_5)
FN:126,(anonymous_6)
FN:144,(anonymous_7)
FN:284,(anonymous_8)
FN:324,(anonymous_9)
FN:400,(anonymous_10)
FN:445,(anonymous_11)
FNF:12
FNH:0
FNDA:0,(anonymous_0)
FNDA:0,(anonymous_1)
FNDA:0,(anonymous_2)
FNDA:0,(anonymous_3)
FNDA:0,(anonymous_4)
FNDA:0,(anonymous_5)
FNDA:0,(anonymous_6)
FNDA:0,(anonymous_7)
FNDA:0,(anonymous_8)
FNDA:0,(anonymous_9)
FNDA:0,(anonymous_10)
FNDA:0,(anonymous_11)
DA:1,0
DA:2,0
DA:3,0
DA:5,0
DA:6,0
DA:13,0
DA:19,0
DA:20,0
DA:22,0
DA:23,0
DA:25,0
DA:28,0
DA:37,0
DA:38,0
DA:45,0
DA:46,0
DA:47,0
DA:48,0
DA:49,0
DA:55,0
DA:62,0
DA:63,0
DA:68,0
DA:69,0
DA:81,0
DA:82,0
DA:83,0
DA:86,0
DA:87,0
DA:89,0
DA:91,0
DA:92,0
DA:96,0
DA:104,0
DA:105,0
DA:108,0
DA:109,0
DA:110,0
DA:111,0
DA:114,0
DA:126,0
DA:127,0
DA:144,0
DA:145,0
DA:146,0
DA:149,0
DA:150,0
DA:157,0
DA:175,0
DA:176,0
DA:182,0
DA:185,0
DA:186,0
DA:187,0
DA:209,0
DA:211,0
DA:213,0
DA:214,0
DA:216,0
DA:218,0
DA:219,0
DA:228,0
DA:239,0
DA:243,0
DA:251,0
DA:253,0
DA:268,0
DA:269,0
DA:284,0
DA:285,0
DA:286,0
DA:289,0
DA:290,0
DA:293,0
DA:294,0
DA:298,0
DA:305,0
DA:311,0
DA:312,0
DA:324,0
DA:325,0
DA:326,0
DA:328,0
DA:329,0
DA:336,0
DA:339,0
DA:344,0
DA:345,0
DA:351,0
DA:354,0
DA:355,0
DA:363,0
DA:364,0
DA:365,0
DA:374,0
DA:377,0
DA:379,0
DA:388,0
DA:400,0
DA:401,0
DA:403,0
DA:405,0
DA:420,0
DA:421,0
DA:427,0
DA:433,0
DA:434,0
DA:445,0
DA:446,0
DA:448,0
DA:489,0
DA:498,0
DA:499,0
DA:507,0
LF:114
LH:0
BRDA:5,0,0,0
BRDA:5,0,1,0
BRDA:23,1,0,0
BRDA:23,1,1,0
BRDA:23,2,0,0
BRDA:23,2,1,0
BRDA:48,3,0,0
BRDA:48,3,1,0
BRDA:82,4,0,0
BRDA:82,4,1,0
BRDA:89,5,0,0
BRDA:89,5,1,0
BRDA:108,6,0,0
BRDA:108,6,1,0
BRDA:149,7,0,0
BRDA:149,7,1,0
BRDA:149,8,0,0
BRDA:149,8,1,0
BRDA:175,9,0,0
BRDA:175,9,1,0
BRDA:186,10,0,0
BRDA:186,10,1,0
BRDA:211,11,0,0
BRDA:211,11,1,0
BRDA:213,12,0,0
BRDA:213,12,1,0
BRDA:218,13,0,0
BRDA:218,13,1,0
BRDA:262,14,0,0
BRDA:262,14,1,0
BRDA:290,15,0,0
BRDA:290,15,1,0
BRDA:293,16,0,0
BRDA:293,16,1,0
BRDA:328,17,0,0
BRDA:328,17,1,0
BRDA:344,18,0,0
BRDA:344,18,1,0
BRDA:354,19,0,0
BRDA:354,19,1,0
BRDA:364,20,0,0
BRDA:364,20,1,0
BRDA:420,21,0,0
BRDA:420,21,1,0
BRF:44
BRH:0
end_of_record
TN:
SF:src\services\bankAccountService.js
FN:14,getAllBankAccounts
FN:108,getBankAccountById
FN:142,createBankAccount
FN:210,updateBankAccount
FN:326,deleteBankAccount
FN:343,hardDeleteBankAccount
FN:355,generatePaymentQR
FN:444,generateNapasQR
FN:464,getBankBin
FN:536,getDefaultBankAccount
FNF:10
FNH:0
FNDA:0,getAllBankAccounts
FNDA:0,getBankAccountById
FNDA:0,createBankAccount
FNDA:0,updateBankAccount
FNDA:0,deleteBankAccount
FNDA:0,hardDeleteBankAccount
FNDA:0,generatePaymentQR
FNDA:0,generateNapasQR
FNDA:0,getBankBin
FNDA:0,getDefaultBankAccount
DA:7,0
DA:21,0
DA:23,0
DA:24,0
DA:25,0
DA:27,0
DA:29,0
DA:30,0
DA:31,0
DA:32,0
DA:35,0
DA:36,0
DA:37,0
DA:38,0
DA:41,0
DA:42,0
DA:47,0
DA:48,0
DA:52,0
DA:59,0
DA:83,0
DA:85,0
DA:90,0
DA:92,0
DA:109,0
DA:132,0
DA:133,0
DA:143,0
DA:145,0
DA:146,0
DA:157,0
DA:160,0
DA:161,0
DA:165,0
DA:166,0
DA:168,0
DA:172,0
DA:181,0
DA:193,0
DA:195,0
DA:197,0
DA:198,0
DA:200,0
DA:211,0
DA:213,0
DA:214,0
DA:226,0
DA:229,0
DA:234,0
DA:235,0
DA:236,0
DA:240,0
DA:241,0
DA:242,0
DA:246,0
DA:247,0
DA:249,0
DA:253,0
DA:254,0
DA:255,0
DA:257,0
DA:258,0
DA:259,0
DA:261,0
DA:262,0
DA:263,0
DA:265,0
DA:266,0
DA:267,0
DA:269,0
DA:270,0
DA:271,0
DA:273,0
DA:274,0
DA:275,0
DA:277,0
DA:278,0
DA:279,0
DA:281,0
DA:282,0
DA:283,0
DA:285,0
DA:286,0
DA:287,0
DA:289,0
DA:290,0
DA:291,0
DA:294,0
DA:295,0
DA:296,0
DA:299,0
DA:300,0
DA:302,0
DA:309,0
DA:310,0
DA:312,0
DA:314,0
DA:315,0
DA:317,0
DA:327,0
DA:334,0
DA:335,0
DA:344,0
DA:345,0
DA:346,0
DA:356,0
DA:362,0
DA:363,0
DA:364,0
DA:367,0
DA:368,0
DA:373,0
DA:376,0
DA:379,0
DA:381,0
DA:384,0
DA:385,0
DA:388,0
DA:389,0
DA:390,0
DA:395,0
DA:397,0
DA:398,0
DA:401,0
DA:406,0
DA:407,0
DA:410,0
DA:411,0
DA:415,0
DA:416,0
DA:419,0
DA:420,0
DA:424,0
DA:437,0
DA:447,0
DA:457,0
DA:467,0
DA:528,0
DA:540,0
DA:541,0
DA:549,0
DA:551,0
DA:558,0
DA:561,0
DA:562,0
DA:565,0
LF:146
LH:0
BRDA:14,0,0,0
BRDA:16,1,0,0
BRDA:17,2,0,0
BRDA:29,3,0,0
BRDA:29,3,1,0
BRDA:35,4,0,0
BRDA:35,4,1,0
BRDA:41,5,0,0
BRDA:41,5,1,0
BRDA:133,6,0,0
BRDA:133,6,1,0
BRDA:155,7,0,0
BRDA:160,8,0,0
BRDA:160,8,1,0
BRDA:161,9,0,0
BRDA:161,9,1,0
BRDA:165,10,0,0
BRDA:165,10,1,0
BRDA:186,11,0,0
BRDA:186,11,1,0
BRDA:187,12,0,0
BRDA:187,12,1,0
BRDA:189,13,0,0
BRDA:189,13,1,0
BRDA:234,14,0,0
BRDA:234,14,1,0
BRDA:240,15,0,0
BRDA:240,15,1,0
BRDA:241,16,0,0
BRDA:241,16,1,0
BRDA:242,17,0,0
BRDA:242,17,1,0
BRDA:246,18,0,0
BRDA:246,18,1,0
BRDA:257,19,0,0
BRDA:257,19,1,0
BRDA:261,20,0,0
BRDA:261,20,1,0
BRDA:265,21,0,0
BRDA:265,21,1,0
BRDA:269,22,0,0
BRDA:269,22,1,0
BRDA:273,23,0,0
BRDA:273,23,1,0
BRDA:277,24,0,0
BRDA:277,24,1,0
BRDA:279,25,0,0
BRDA:279,25,1,0
BRDA:281,26,0,0
BRDA:281,26,1,0
BRDA:285,27,0,0
BRDA:285,27,1,0
BRDA:289,28,0,0
BRDA:289,28,1,0
BRDA:294,29,0,0
BRDA:294,29,1,0
BRDA:355,30,0,0
BRDA:363,31,0,0
BRDA:363,31,1,0
BRDA:367,32,0,0
BRDA:367,32,1,0
BRDA:388,33,0,0
BRDA:388,33,1,0
BRDA:388,34,0,0
BRDA:388,34,1,0
BRDA:397,35,0,0
BRDA:397,35,1,0
BRDA:406,36,0,0
BRDA:406,36,1,0
BRDA:406,37,0,0
BRDA:406,37,1,0
BRDA:410,38,0,0
BRDA:410,38,1,0
BRDA:415,39,0,0
BRDA:415,39,1,0
BRDA:419,40,0,0
BRDA:419,40,1,0
BRDA:430,41,0,0
BRDA:430,41,1,0
BRDA:431,42,0,0
BRDA:431,42,1,0
BRDA:452,43,0,0
BRDA:452,43,1,0
BRDA:453,44,0,0
BRDA:453,44,1,0
BRDA:528,45,0,0
BRDA:528,45,1,0
BRDA:536,46,0,0
BRDA:540,47,0,0
BRDA:540,47,1,0
BRDA:562,48,0,0
BRDA:562,48,1,0
BRF:92
BRH:0
end_of_record
TN:
SF:src\services\cashbookService.js
FN:23,ensureDateExists
FN:56,(anonymous_1)
FN:200,(anonymous_2)
FN:254,(anonymous_3)
FN:393,(anonymous_4)
FN:560,(anonymous_5)
FN:617,(anonymous_6)
FN:686,(anonymous_7)
FN:722,(anonymous_8)
FN:751,(anonymous_9)
FN:779,(anonymous_10)
FNF:11
FNH:0
FNDA:0,ensureDateExists
FNDA:0,(anonymous_1)
FNDA:0,(anonymous_2)
FNDA:0,(anonymous_3)
FNDA:0,(anonymous_4)
FNDA:0,(anonymous_5)
FNDA:0,(anonymous_6)
FNDA:0,(anonymous_7)
FNDA:0,(anonymous_8)
FNDA:0,(anonymous_9)
FNDA:0,(anonymous_10)
DA:18,0
DA:24,0
DA:25,0
DA:26,0
DA:27,0
DA:30,0
DA:31,0
DA:33,0
DA:34,0
DA:56,0
DA:57,0
DA:70,0
DA:72,0
DA:73,0
DA:74,0
DA:77,0
DA:79,0
DA:80,0
DA:81,0
DA:82,0
DA:85,0
DA:86,0
DA:87,0
DA:88,0
DA:91,0
DA:92,0
DA:93,0
DA:94,0
DA:97,0
DA:98,0
DA:99,0
DA:100,0
DA:103,0
DA:104,0
DA:105,0
DA:106,0
DA:109,0
DA:110,0
DA:111,0
DA:112,0
DA:115,0
DA:116,0
DA:117,0
DA:118,0
DA:122,0
DA:123,0
DA:124,0
DA:127,0
DA:134,0
DA:135,0
DA:138,0
DA:171,0
DA:173,0
DA:175,0
DA:188,0
DA:189,0
DA:200,0
DA:201,0
DA:202,0
DA:204,0
DA:226,0
DA:228,0
DA:229,0
DA:235,0
DA:242,0
DA:243,0
DA:254,0
DA:255,0
DA:256,0
DA:269,0
DA:272,0
DA:273,0
DA:279,0
DA:280,0
DA:286,0
DA:289,0
DA:294,0
DA:295,0
DA:296,0
DA:302,0
DA:303,0
DA:306,0
DA:307,0
DA:308,0
DA:312,0
DA:313,0
DA:318,0
DA:319,0
DA:322,0
DA:323,0
DA:326,0
DA:335,0
DA:352,0
DA:355,0
DA:369,0
DA:371,0
DA:378,0
DA:379,0
DA:380,0
DA:386,0
DA:393,0
DA:394,0
DA:395,0
DA:406,0
DA:409,0
DA:414,0
DA:415,0
DA:422,0
DA:423,0
DA:430,0
DA:431,0
DA:432,0
DA:436,0
DA:437,0
DA:442,0
DA:446,0
DA:447,0
DA:448,0
DA:452,0
DA:453,0
DA:458,0
DA:459,0
DA:460,0
DA:462,0
DA:463,0
DA:464,0
DA:466,0
DA:467,0
DA:468,0
DA:470,0
DA:471,0
DA:472,0
DA:474,0
DA:475,0
DA:476,0
DA:478,0
DA:479,0
DA:480,0
DA:482,0
DA:483,0
DA:484,0
DA:486,0
DA:487,0
DA:488,0
DA:490,0
DA:491,0
DA:492,0
DA:494,0
DA:495,0
DA:496,0
DA:499,0
DA:500,0
DA:501,0
DA:502,0
DA:506,0
DA:508,0
DA:509,0
DA:515,0
DA:516,0
DA:522,0
DA:525,0
DA:539,0
DA:541,0
DA:548,0
DA:549,0
DA:560,0
DA:561,0
DA:562,0
DA:565,0
DA:570,0
DA:571,0
DA:577,0
DA:580,0
DA:582,0
DA:589,0
DA:596,0
DA:598,0
DA:604,0
DA:605,0
DA:617,0
DA:618,0
DA:623,0
DA:625,0
DA:626,0
DA:627,0
DA:629,0
DA:630,0
DA:631,0
DA:633,0
DA:634,0
DA:635,0
DA:639,0
DA:660,0
DA:663,0
DA:680,0
DA:683,0
DA:684,0
DA:686,0
DA:687,0
DA:688,0
DA:691,0
DA:710,0
DA:711,0
DA:722,0
DA:723,0
DA:724,0
DA:732,0
DA:739,0
DA:740,0
DA:751,0
DA:752,0
DA:753,0
DA:760,0
DA:767,0
DA:768,0
DA:779,0
DA:780,0
DA:781,0
DA:782,0
DA:784,0
DA:789,0
DA:790,0
DA:796,0
DA:797,0
DA:803,0
DA:805,0
DA:812,0
DA:818,0
DA:819,0
DA:827,0
LF:230
LH:0
BRDA:33,0,0,0
BRDA:33,0,1,0
BRDA:47,1,0,0
BRDA:47,1,1,0
BRDA:66,2,0,0
BRDA:67,3,0,0
BRDA:68,4,0,0
BRDA:69,5,0,0
BRDA:79,6,0,0
BRDA:79,6,1,0
BRDA:85,7,0,0
BRDA:85,7,1,0
BRDA:91,8,0,0
BRDA:91,8,1,0
BRDA:93,9,0,0
BRDA:93,9,1,0
BRDA:97,10,0,0
BRDA:97,10,1,0
BRDA:103,11,0,0
BRDA:103,11,1,0
BRDA:109,12,0,0
BRDA:109,12,1,0
BRDA:115,13,0,0
BRDA:115,13,1,0
BRDA:123,14,0,0
BRDA:123,14,1,0
BRDA:124,15,0,0
BRDA:124,15,1,0
BRDA:228,16,0,0
BRDA:228,16,1,0
BRDA:272,17,0,0
BRDA:272,17,1,0
BRDA:272,18,0,0
BRDA:272,18,1,0
BRDA:272,18,2,0
BRDA:279,19,0,0
BRDA:279,19,1,0
BRDA:294,20,0,0
BRDA:294,20,1,0
BRDA:307,21,0,0
BRDA:307,21,1,0
BRDA:312,22,0,0
BRDA:312,22,1,0
BRDA:318,23,0,0
BRDA:318,23,1,0
BRDA:322,24,0,0
BRDA:322,24,1,0
BRDA:342,25,0,0
BRDA:342,25,1,0
BRDA:343,26,0,0
BRDA:343,26,1,0
BRDA:344,27,0,0
BRDA:344,27,1,0
BRDA:345,28,0,0
BRDA:345,28,1,0
BRDA:346,29,0,0
BRDA:346,29,1,0
BRDA:348,30,0,0
BRDA:348,30,1,0
BRDA:374,31,0,0
BRDA:374,31,1,0
BRDA:414,32,0,0
BRDA:414,32,1,0
BRDA:422,33,0,0
BRDA:422,33,1,0
BRDA:422,34,0,0
BRDA:422,34,1,0
BRDA:422,34,2,0
BRDA:431,35,0,0
BRDA:431,35,1,0
BRDA:436,36,0,0
BRDA:436,36,1,0
BRDA:447,37,0,0
BRDA:447,37,1,0
BRDA:452,38,0,0
BRDA:452,38,1,0
BRDA:462,39,0,0
BRDA:462,39,1,0
BRDA:466,40,0,0
BRDA:466,40,1,0
BRDA:470,41,0,0
BRDA:470,41,1,0
BRDA:474,42,0,0
BRDA:474,42,1,0
BRDA:478,43,0,0
BRDA:478,43,1,0
BRDA:482,44,0,0
BRDA:482,44,1,0
BRDA:486,45,0,0
BRDA:486,45,1,0
BRDA:490,46,0,0
BRDA:490,46,1,0
BRDA:494,47,0,0
BRDA:494,47,1,0
BRDA:499,48,0,0
BRDA:499,48,1,0
BRDA:499,49,0,0
BRDA:499,49,1,0
BRDA:508,50,0,0
BRDA:508,50,1,0
BRDA:570,51,0,0
BRDA:570,51,1,0
BRDA:580,52,0,0
BRDA:580,52,1,0
BRDA:626,53,0,0
BRDA:626,53,1,0
BRDA:627,54,0,0
BRDA:627,54,1,0
BRDA:633,55,0,0
BRDA:633,55,1,0
BRDA:687,56,0,0
BRDA:687,56,1,0
BRDA:688,57,0,0
BRDA:688,57,1,0
BRDA:789,58,0,0
BRDA:789,58,1,0
BRDA:796,59,0,0
BRDA:796,59,1,0
BRDA:803,60,0,0
BRDA:803,60,1,0
BRDA:814,61,0,0
BRDA:814,61,1,0
BRF:122
BRH:0
end_of_record
TN:
SF:src\services\catalogService.js
FN:23,(anonymous_0)
FN:106,(anonymous_1)
FN:161,(anonymous_2)
FN:238,(anonymous_3)
FN:319,(anonymous_4)
FN:348,(anonymous_5)
FN:349,(anonymous_6)
FNF:7
FNH:0
FNDA:0,(anonymous_0)
FNDA:0,(anonymous_1)
FNDA:0,(anonymous_2)
FNDA:0,(anonymous_3)
FNDA:0,(anonymous_4)
FNDA:0,(anonymous_5)
FNDA:0,(anonymous_6)
DA:15,0
DA:23,0
DA:24,0
DA:25,0
DA:26,0
DA:27,0
DA:28,0
DA:31,0
DA:32,0
DA:33,0
DA:35,0
DA:36,0
DA:42,0
DA:43,0
DA:47,0
DA:53,0
DA:54,0
DA:57,0
DA:78,0
DA:80,0
DA:91,0
DA:92,0
DA:106,0
DA:107,0
DA:108,0
DA:110,0
DA:131,0
DA:133,0
DA:134,0
DA:140,0
DA:145,0
DA:146,0
DA:161,0
DA:162,0
DA:163,0
DA:164,0
DA:167,0
DA:168,0
DA:174,0
DA:175,0
DA:181,0
DA:182,0
DA:189,0
DA:190,0
DA:192,0
DA:193,0
DA:200,0
DA:210,0
DA:217,0
DA:223,0
DA:224,0
DA:238,0
DA:239,0
DA:240,0
DA:241,0
DA:244,0
DA:245,0
DA:251,0
DA:252,0
DA:258,0
DA:259,0
DA:265,0
DA:268,0
DA:270,0
DA:275,0
DA:278,0
DA:283,0
DA:287,0
DA:292,0
DA:294,0
DA:296,0
DA:302,0
DA:303,0
DA:304,0
DA:310,0
DA:319,0
DA:320,0
DA:321,0
DA:337,0
DA:339,0
DA:340,0
DA:347,0
DA:348,0
DA:349,0
DA:350,0
DA:352,0
DA:353,0
DA:354,0
DA:356,0
DA:360,0
DA:363,0
DA:364,0
DA:366,0
DA:367,0
DA:368,0
DA:370,0
DA:371,0
DA:379,0
LF:98
LH:0
BRDA:25,0,0,0
BRDA:25,0,1,0
BRDA:26,1,0,0
BRDA:26,1,1,0
BRDA:28,2,0,0
BRDA:28,2,1,0
BRDA:35,3,0,0
BRDA:35,3,1,0
BRDA:133,4,0,0
BRDA:133,4,1,0
BRDA:167,5,0,0
BRDA:167,5,1,0
BRDA:167,6,0,0
BRDA:167,6,1,0
BRDA:174,7,0,0
BRDA:174,7,1,0
BRDA:181,8,0,0
BRDA:181,8,1,0
BRDA:181,9,0,0
BRDA:181,9,1,0
BRDA:192,10,0,0
BRDA:192,10,1,0
BRDA:244,11,0,0
BRDA:244,11,1,0
BRDA:244,12,0,0
BRDA:244,12,1,0
BRDA:244,12,2,0
BRDA:251,13,0,0
BRDA:251,13,1,0
BRDA:251,14,0,0
BRDA:251,14,1,0
BRDA:258,15,0,0
BRDA:258,15,1,0
BRDA:258,16,0,0
BRDA:258,16,1,0
BRDA:268,17,0,0
BRDA:268,17,1,0
BRDA:339,18,0,0
BRDA:339,18,1,0
BRDA:350,19,0,0
BRDA:350,19,1,0
BRDA:350,20,0,0
BRDA:350,20,1,0
BRDA:353,21,0,0
BRDA:353,21,1,0
BRDA:353,22,0,0
BRDA:353,22,1,0
BRF:47
BRH:0
end_of_record
TN:
SF:src\services\checkoutService.js
FN:14,getAllCheckouts
FN:127,(anonymous_1)
FN:161,getCheckoutById
FN:266,(anonymous_3)
FN:289,sendPaymentLink
FN:339,sendMassEmail
FN:437,deleteCheckout
FN:476,markAsAbandoned
FN:492,generatePaymentLink
FN:504,getCheckoutStats
FNF:10
FNH:7
FNDA:5,getAllCheckouts
FNDA:0,(anonymous_1)
FNDA:5,getCheckoutById
FNDA:0,(anonymous_3)
FNDA:3,sendPaymentLink
FNDA:3,sendMassEmail
FNDA:2,deleteCheckout
FNDA:2,markAsAbandoned
FNDA:0,generatePaymentLink
FNDA:2,getCheckoutStats
DA:7,1
DA:25,5
DA:27,5
DA:28,5
DA:29,5
DA:32,5
DA:34,5
DA:35,1
DA:36,1
DA:37,1
DA:40,5
DA:41,1
DA:42,1
DA:43,1
DA:46,5
DA:47,0
DA:48,0
DA:49,0
DA:52,5
DA:53,0
DA:54,0
DA:55,0
DA:58,5
DA:59,1
DA:65,1
DA:66,1
DA:70,5
DA:71,5
DA:72,5
DA:75,5
DA:83,5
DA:117,5
DA:119,5
DA:124,0
DA:127,0
DA:145,0
DA:163,5
DA:199,5
DA:221,5
DA:226,0
DA:227,0
DA:230,0
DA:232,0
DA:266,0
DA:290,3
DA:293,3
DA:295,0
DA:296,0
DA:299,0
DA:300,0
DA:304,0
DA:309,0
DA:319,0
DA:321,0
DA:323,0
DA:346,3
DA:349,3
DA:353,3
DA:354,3
DA:356,3
DA:357,3
DA:360,3
DA:361,1
DA:362,1
DA:363,1
DA:366,3
DA:367,0
DA:368,0
DA:369,0
DA:373,3
DA:386,3
DA:388,0
DA:389,0
DA:398,0
DA:399,0
DA:401,0
DA:402,0
DA:404,0
DA:406,0
DA:411,0
DA:412,0
DA:419,0
DA:422,0
DA:438,2
DA:440,0
DA:441,0
DA:444,0
DA:448,0
DA:450,0
DA:451,0
DA:452,0
DA:456,0
DA:459,0
DA:461,0
DA:462,0
DA:464,0
DA:465,0
DA:467,0
DA:477,2
DA:484,2
DA:485,0
DA:494,0
DA:495,0
DA:496,0
DA:505,2
DA:507,2
DA:508,2
DA:509,2
DA:511,2
DA:512,1
DA:513,1
DA:514,1
DA:517,2
DA:518,0
DA:519,0
DA:520,0
DA:523,2
DA:524,0
DA:525,0
DA:526,0
DA:529,2
DA:540,2
DA:541,0
DA:543,0
DA:552,1
LF:125
LH:61
BRDA:14,0,0,0
BRDA:16,1,0,4
BRDA:17,2,0,4
BRDA:23,3,0,5
BRDA:24,4,0,5
BRDA:34,5,0,1
BRDA:34,5,1,4
BRDA:40,6,0,1
BRDA:40,6,1,4
BRDA:46,7,0,0
BRDA:46,7,1,5
BRDA:52,8,0,0
BRDA:52,8,1,5
BRDA:58,9,0,1
BRDA:58,9,1,4
BRDA:71,10,0,5
BRDA:71,10,1,0
BRDA:72,11,0,0
BRDA:72,11,1,5
BRDA:130,12,0,0
BRDA:130,12,1,0
BRDA:131,13,0,0
BRDA:131,13,1,0
BRDA:131,13,2,0
BRDA:136,14,0,0
BRDA:136,14,1,0
BRDA:137,15,0,0
BRDA:137,15,1,0
BRDA:138,16,0,0
BRDA:138,16,1,0
BRDA:139,17,0,0
BRDA:139,17,1,0
BRDA:141,18,0,0
BRDA:141,18,1,0
BRDA:226,19,0,0
BRDA:226,19,1,0
BRDA:238,20,0,0
BRDA:238,20,1,0
BRDA:248,21,0,0
BRDA:248,21,1,0
BRDA:250,22,0,0
BRDA:250,22,1,0
BRDA:251,23,0,0
BRDA:251,23,1,0
BRDA:252,24,0,0
BRDA:252,24,1,0
BRDA:253,25,0,0
BRDA:253,25,1,0
BRDA:254,26,0,0
BRDA:254,26,1,0
BRDA:275,27,0,0
BRDA:275,27,1,0
BRDA:289,28,0,0
BRDA:295,29,0,0
BRDA:295,29,1,0
BRDA:299,30,0,0
BRDA:299,30,1,0
BRDA:299,31,0,0
BRDA:299,31,1,0
BRDA:319,32,0,0
BRDA:319,32,1,0
BRDA:328,33,0,0
BRDA:328,33,1,0
BRDA:330,34,0,0
BRDA:330,34,1,0
BRDA:339,35,0,0
BRDA:343,36,0,3
BRDA:356,37,0,3
BRDA:356,37,1,0
BRDA:360,38,0,1
BRDA:360,38,1,2
BRDA:360,39,0,3
BRDA:360,39,1,1
BRDA:366,40,0,0
BRDA:366,40,1,3
BRDA:388,41,0,0
BRDA:388,41,1,0
BRDA:411,42,0,0
BRDA:411,42,1,0
BRDA:450,43,0,0
BRDA:450,43,1,0
BRDA:485,44,0,0
BRDA:485,44,1,0
BRDA:494,45,0,0
BRDA:494,45,1,0
BRDA:504,46,0,0
BRDA:511,47,0,1
BRDA:511,47,1,1
BRDA:517,48,0,0
BRDA:517,48,1,2
BRDA:523,49,0,0
BRDA:523,49,1,2
BRDA:544,50,0,0
BRDA:544,50,1,0
BRDA:545,51,0,0
BRDA:545,51,1,0
BRDA:546,52,0,0
BRDA:546,52,1,0
BRDA:547,53,0,0
BRDA:547,53,1,0
BRDA:548,54,0,0
BRDA:548,54,1,0
BRF:102
BRH:25
end_of_record
TN:
SF:src\services\collectionService.js
FN:8,(anonymous_0)
FN:80,(anonymous_1)
FN:92,(anonymous_2)
FN:94,(anonymous_3)
FN:95,(anonymous_4)
FN:121,(anonymous_5)
FN:215,(anonymous_6)
FN:279,(anonymous_7)
FN:356,(anonymous_8)
FNF:9
FNH:0
FNDA:0,(anonymous_0)
FNDA:0,(anonymous_1)
FNDA:0,(anonymous_2)
FNDA:0,(anonymous_3)
FNDA:0,(anonymous_4)
FNDA:0,(anonymous_5)
FNDA:0,(anonymous_6)
FNDA:0,(anonymous_7)
FNDA:0,(anonymous_8)
DA:1,0
DA:8,0
DA:9,0
DA:10,0
DA:11,0
DA:12,0
DA:13,0
DA:15,0
DA:17,0
DA:18,0
DA:19,0
DA:20,0
DA:23,0
DA:24,0
DA:25,0
DA:27,0
DA:28,0
DA:29,0
DA:34,0
DA:35,0
DA:36,0
DA:39,0
DA:51,0
DA:52,0
DA:54,0
DA:68,0
DA:69,0
DA:80,0
DA:81,0
DA:82,0
DA:89,0
DA:92,0
DA:93,0
DA:94,0
DA:95,0
DA:101,0
DA:103,0
DA:109,0
DA:110,0
DA:121,0
DA:122,0
DA:123,0
DA:126,0
DA:127,0
DA:134,0
DA:139,0
DA:140,0
DA:147,0
DA:148,0
DA:150,0
DA:151,0
DA:156,0
DA:157,0
DA:163,0
DA:164,0
DA:169,0
DA:175,0
DA:183,0
DA:186,0
DA:190,0
DA:195,0
DA:197,0
DA:203,0
DA:204,0
DA:215,0
DA:216,0
DA:217,0
DA:219,0
DA:230,0
DA:232,0
DA:233,0
DA:240,0
DA:243,0
DA:246,0
DA:253,0
DA:255,0
DA:261,0
DA:267,0
DA:268,0
DA:279,0
DA:280,0
DA:281,0
DA:282,0
DA:285,0
DA:290,0
DA:291,0
DA:298,0
DA:299,0
DA:303,0
DA:304,0
DA:312,0
DA:313,0
DA:319,0
DA:330,0
DA:338,0
DA:344,0
DA:345,0
DA:356,0
DA:357,0
DA:358,0
DA:361,0
DA:366,0
DA:367,0
DA:374,0
DA:379,0
DA:380,0
DA:387,0
DA:392,0
DA:393,0
DA:400,0
DA:402,0
DA:407,0
DA:408,0
DA:416,0
LF:114
LH:0
BRDA:10,0,0,0
BRDA:10,1,0,0
BRDA:17,2,0,0
BRDA:17,2,1,0
BRDA:23,3,0,0
BRDA:23,3,1,0
BRDA:24,4,0,0
BRDA:24,4,1,0
BRDA:24,5,0,0
BRDA:24,5,1,0
BRDA:92,6,0,0
BRDA:123,7,0,0
BRDA:126,8,0,0
BRDA:126,8,1,0
BRDA:126,9,0,0
BRDA:126,9,1,0
BRDA:139,10,0,0
BRDA:139,10,1,0
BRDA:150,11,0,0
BRDA:150,11,1,0
BRDA:156,12,0,0
BRDA:156,12,1,0
BRDA:178,13,0,0
BRDA:178,13,1,0
BRDA:179,14,0,0
BRDA:179,14,1,0
BRDA:186,15,0,0
BRDA:186,15,1,0
BRDA:187,16,0,0
BRDA:187,16,1,0
BRDA:232,17,0,0
BRDA:232,17,1,0
BRDA:290,18,0,0
BRDA:290,18,1,0
BRDA:298,19,0,0
BRDA:298,19,1,0
BRDA:298,20,0,0
BRDA:298,20,1,0
BRDA:303,21,0,0
BRDA:303,21,1,0
BRDA:312,22,0,0
BRDA:312,22,1,0
BRDA:312,23,0,0
BRDA:312,23,1,0
BRDA:333,24,0,0
BRDA:333,24,1,0
BRDA:366,25,0,0
BRDA:366,25,1,0
BRDA:379,26,0,0
BRDA:379,26,1,0
BRDA:392,27,0,0
BRDA:392,27,1,0
BRF:52
BRH:0
end_of_record
TN:
SF:src\services\customerService.js
FN:22,(anonymous_0)
FN:132,(anonymous_1)
FN:187,(anonymous_2)
FN:297,(anonymous_3)
FN:357,(anonymous_4)
FN:467,(anonymous_5)
FN:518,(anonymous_6)
FN:549,(anonymous_7)
FNF:8
FNH:0
FNDA:0,(anonymous_0)
FNDA:0,(anonymous_1)
FNDA:0,(anonymous_2)
FNDA:0,(anonymous_3)
FNDA:0,(anonymous_4)
FNDA:0,(anonymous_5)
FNDA:0,(anonymous_6)
FNDA:0,(anonymous_7)
DA:16,0
DA:22,0
DA:23,0
DA:32,0
DA:34,0
DA:35,0
DA:36,0
DA:39,0
DA:41,0
DA:42,0
DA:48,0
DA:49,0
DA:52,0
DA:53,0
DA:54,0
DA:55,0
DA:58,0
DA:59,0
DA:60,0
DA:61,0
DA:65,0
DA:66,0
DA:67,0
DA:70,0
DA:75,0
DA:76,0
DA:79,0
DA:102,0
DA:104,0
DA:106,0
DA:119,0
DA:120,0
DA:132,0
DA:133,0
DA:134,0
DA:136,0
DA:137,0
DA:144,0
DA:166,0
DA:168,0
DA:175,0
DA:176,0
DA:187,0
DA:188,0
DA:198,0
DA:201,0
DA:202,0
DA:209,0
DA:214,0
DA:215,0
DA:222,0
DA:223,0
DA:228,0
DA:229,0
DA:237,0
DA:238,0
DA:240,0
DA:247,0
DA:248,0
DA:251,0
DA:259,0
DA:265,0
DA:276,0
DA:278,0
DA:285,0
DA:286,0
DA:297,0
DA:298,0
DA:299,0
DA:301,0
DA:315,0
DA:317,0
DA:318,0
DA:325,0
DA:333,0
DA:335,0
DA:345,0
DA:346,0
DA:357,0
DA:358,0
DA:359,0
DA:369,0
DA:372,0
DA:377,0
DA:378,0
DA:385,0
DA:386,0
DA:391,0
DA:392,0
DA:400,0
DA:401,0
DA:406,0
DA:407,0
DA:415,0
DA:429,0
DA:435,0
DA:446,0
DA:448,0
DA:455,0
DA:456,0
DA:467,0
DA:468,0
DA:469,0
DA:472,0
DA:477,0
DA:478,0
DA:485,0
DA:490,0
DA:491,0
DA:498,0
DA:500,0
DA:506,0
DA:507,0
DA:518,0
DA:519,0
DA:520,0
DA:528,0
DA:530,0
DA:537,0
DA:538,0
DA:549,0
DA:550,0
DA:551,0
DA:552,0
DA:555,0
DA:560,0
DA:561,0
DA:568,0
DA:569,0
DA:574,0
DA:575,0
DA:583,0
DA:589,0
DA:598,0
DA:600,0
DA:607,0
DA:608,0
DA:616,0
LF:138
LH:0
BRDA:28,0,0,0
BRDA:29,1,0,0
BRDA:30,2,0,0
BRDA:31,3,0,0
BRDA:41,4,0,0
BRDA:41,4,1,0
BRDA:52,5,0,0
BRDA:52,5,1,0
BRDA:58,6,0,0
BRDA:58,6,1,0
BRDA:66,7,0,0
BRDA:66,7,1,0
BRDA:67,8,0,0
BRDA:67,8,1,0
BRDA:134,9,0,0
BRDA:136,10,0,0
BRDA:136,10,1,0
BRDA:136,11,0,0
BRDA:136,11,1,0
BRDA:201,12,0,0
BRDA:201,12,1,0
BRDA:201,13,0,0
BRDA:201,13,1,0
BRDA:214,14,0,0
BRDA:214,14,1,0
BRDA:222,15,0,0
BRDA:222,15,1,0
BRDA:228,16,0,0
BRDA:228,16,1,0
BRDA:247,17,0,0
BRDA:247,17,1,0
BRDA:260,18,0,0
BRDA:260,18,1,0
BRDA:260,19,0,0
BRDA:260,19,1,0
BRDA:261,20,0,0
BRDA:261,20,1,0
BRDA:261,21,0,0
BRDA:261,21,1,0
BRDA:261,22,0,0
BRDA:261,22,1,0
BRDA:261,23,0,0
BRDA:261,23,1,0
BRDA:317,24,0,0
BRDA:317,24,1,0
BRDA:377,25,0,0
BRDA:377,25,1,0
BRDA:385,26,0,0
BRDA:385,26,1,0
BRDA:391,27,0,0
BRDA:391,27,1,0
BRDA:400,28,0,0
BRDA:400,28,1,0
BRDA:406,29,0,0
BRDA:406,29,1,0
BRDA:430,30,0,0
BRDA:430,30,1,0
BRDA:430,31,0,0
BRDA:430,31,1,0
BRDA:431,32,0,0
BRDA:431,32,1,0
BRDA:431,33,0,0
BRDA:431,33,1,0
BRDA:431,34,0,0
BRDA:431,34,1,0
BRDA:431,35,0,0
BRDA:431,35,1,0
BRDA:477,36,0,0
BRDA:477,36,1,0
BRDA:490,37,0,0
BRDA:490,37,1,0
BRDA:560,38,0,0
BRDA:560,38,1,0
BRDA:568,39,0,0
BRDA:568,39,1,0
BRDA:574,40,0,0
BRDA:574,40,1,0
BRDA:585,41,0,0
BRDA:585,41,1,0
BRF:79
BRH:0
end_of_record
TN:
SF:src\services\dashboardService.js
FN:20,(anonymous_0)
FN:90,(anonymous_1)
FN:104,(anonymous_2)
FN:157,(anonymous_3)
FN:208,(anonymous_4)
FN:214,(anonymous_5)
FN:245,(anonymous_6)
FN:246,(anonymous_7)
FN:280,(anonymous_8)
FN:286,(anonymous_9)
FN:306,(anonymous_10)
FN:328,(anonymous_11)
FN:334,(anonymous_12)
FN:352,(anonymous_13)
FN:354,(anonymous_14)
FN:396,(anonymous_15)
FN:402,(anonymous_16)
FN:422,(anonymous_17)
FN:445,(anonymous_18)
FN:467,(anonymous_19)
FNF:20
FNH:0
FNDA:0,(anonymous_0)
FNDA:0,(anonymous_1)
FNDA:0,(anonymous_2)
FNDA:0,(anonymous_3)
FNDA:0,(anonymous_4)
FNDA:0,(anonymous_5)
FNDA:0,(anonymous_6)
FNDA:0,(anonymous_7)
FNDA:0,(anonymous_8)
FNDA:0,(anonymous_9)
FNDA:0,(anonymous_10)
FNDA:0,(anonymous_11)
FNDA:0,(anonymous_12)
FNDA:0,(anonymous_13)
FNDA:0,(anonymous_14)
FNDA:0,(anonymous_15)
FNDA:0,(anonymous_16)
FNDA:0,(anonymous_17)
FNDA:0,(anonymous_18)
FNDA:0,(anonymous_19)
DA:1,0
DA:20,0
DA:21,0
DA:23,0
DA:28,0
DA:31,0
DA:36,0
DA:39,0
DA:43,0
DA:47,0
DA:61,0
DA:73,0
DA:74,0
DA:90,0
DA:91,0
DA:92,0
DA:95,0
DA:96,0
DA:99,0
DA:100,0
DA:101,0
DA:104,0
DA:107,0
DA:122,0
DA:137,0
DA:144,0
DA:151,0
DA:152,0
DA:153,0
DA:154,0
DA:157,0
DA:158,0
DA:159,0
DA:162,0
DA:163,0
DA:164,0
DA:166,0
DA:167,0
DA:168,0
DA:170,0
DA:190,0
DA:191,0
DA:208,0
DA:209,0
DA:210,0
DA:212,0
DA:213,0
DA:214,0
DA:218,0
DA:220,0
DA:221,0
DA:222,0
DA:224,0
DA:225,0
DA:226,0
DA:228,0
DA:229,0
DA:232,0
DA:245,0
DA:246,0
DA:248,0
DA:263,0
DA:264,0
DA:280,0
DA:281,0
DA:282,0
DA:284,0
DA:285,0
DA:286,0
DA:288,0
DA:304,0
DA:306,0
DA:315,0
DA:316,0
DA:328,0
DA:329,0
DA:330,0
DA:332,0
DA:333,0
DA:334,0
DA:338,0
DA:352,0
DA:354,0
DA:363,0
DA:364,0
DA:376,0
DA:383,0
DA:384,0
DA:396,0
DA:397,0
DA:398,0
DA:400,0
DA:401,0
DA:402,0
DA:404,0
DA:420,0
DA:422,0
DA:432,0
DA:433,0
DA:445,0
DA:446,0
DA:447,0
DA:449,0
DA:465,0
DA:467,0
DA:477,0
DA:478,0
DA:486,0
LF:108
LH:0
BRDA:28,0,0,0
BRDA:28,0,1,0
BRDA:36,1,0,0
BRDA:36,1,1,0
BRDA:43,2,0,0
BRDA:43,2,1,0
BRDA:95,3,0,0
BRDA:95,3,1,0
BRDA:96,4,0,0
BRDA:96,4,1,0
BRDA:153,5,0,0
BRDA:153,5,1,0
BRDA:154,6,0,0
BRDA:154,6,1,0
BRDA:158,7,0,0
BRDA:158,7,1,0
BRDA:158,8,0,0
BRDA:158,8,1,0
BRDA:162,9,0,0
BRDA:162,9,1,0
BRDA:163,10,0,0
BRDA:163,10,1,0
BRDA:164,11,0,0
BRDA:164,11,1,0
BRDA:166,12,0,0
BRDA:166,12,1,0
BRDA:167,13,0,0
BRDA:167,13,1,0
BRDA:168,14,0,0
BRDA:168,14,1,0
BRDA:210,15,0,0
BRDA:212,16,0,0
BRDA:212,16,1,0
BRDA:213,17,0,0
BRDA:213,17,1,0
BRDA:218,18,0,0
BRDA:218,18,1,0
BRDA:218,18,2,0
BRDA:282,19,0,0
BRDA:284,20,0,0
BRDA:284,20,1,0
BRDA:285,21,0,0
BRDA:285,21,1,0
BRDA:332,22,0,0
BRDA:332,22,1,0
BRDA:333,23,0,0
BRDA:333,23,1,0
BRDA:355,24,0,0
BRDA:355,24,1,0
BRDA:357,25,0,0
BRDA:357,25,1,0
BRDA:363,26,0,0
BRDA:363,26,1,0
BRDA:398,27,0,0
BRDA:400,28,0,0
BRDA:400,28,1,0
BRDA:401,29,0,0
BRDA:401,29,1,0
BRDA:426,30,0,0
BRDA:426,30,1,0
BRDA:447,31,0,0
BRDA:447,32,0,0
BRDA:471,33,0,0
BRDA:471,33,1,0
BRF:64
BRH:0
end_of_record
TN:
SF:src\services\discountService.js
FN:22,(anonymous_0)
FN:150,(anonymous_1)
FN:214,(anonymous_2)
FN:339,(anonymous_3)
FN:470,(anonymous_4)
FN:527,(anonymous_5)
FN:580,(anonymous_6)
FN:733,(anonymous_7)
FNF:8
FNH:0
FNDA:0,(anonymous_0)
FNDA:0,(anonymous_1)
FNDA:0,(anonymous_2)
FNDA:0,(anonymous_3)
FNDA:0,(anonymous_4)
FNDA:0,(anonymous_5)
FNDA:0,(anonymous_6)
FNDA:0,(anonymous_7)
DA:16,0
DA:22,0
DA:23,0
DA:32,0
DA:34,0
DA:35,0
DA:36,0
DA:39,0
DA:41,0
DA:42,0
DA:46,0
DA:47,0
DA:50,0
DA:51,0
DA:52,0
DA:53,0
DA:57,0
DA:58,0
DA:59,0
DA:60,0
DA:61,0
DA:62,0
DA:63,0
DA:64,0
DA:65,0
DA:66,0
DA:67,0
DA:68,0
DA:69,0
DA:70,0
DA:71,0
DA:75,0
DA:76,0
DA:77,0
DA:80,0
DA:86,0
DA:87,0
DA:90,0
DA:121,0
DA:123,0
DA:125,0
DA:138,0
DA:139,0
DA:150,0
DA:151,0
DA:152,0
DA:154,0
DA:172,0
DA:174,0
DA:175,0
DA:182,0
DA:190,0
DA:192,0
DA:202,0
DA:203,0
DA:214,0
DA:215,0
DA:232,0
DA:235,0
DA:236,0
DA:243,0
DA:244,0
DA:251,0
DA:256,0
DA:257,0
DA:264,0
DA:269,0
DA:270,0
DA:276,0
DA:279,0
DA:289,0
DA:309,0
DA:318,0
DA:320,0
DA:327,0
DA:328,0
DA:339,0
DA:340,0
DA:341,0
DA:358,0
DA:361,0
DA:366,0
DA:367,0
DA:374,0
DA:375,0
DA:376,0
DA:380,0
DA:381,0
DA:386,0
DA:390,0
DA:391,0
DA:398,0
DA:420,0
DA:440,0
DA:449,0
DA:451,0
DA:458,0
DA:459,0
DA:470,0
DA:471,0
DA:472,0
DA:475,0
DA:480,0
DA:481,0
DA:488,0
DA:493,0
DA:495,0
DA:500,0
DA:507,0
DA:509,0
DA:515,0
DA:516,0
DA:527,0
DA:528,0
DA:529,0
DA:532,0
DA:537,0
DA:538,0
DA:544,0
DA:545,0
DA:552,0
DA:561,0
DA:567,0
DA:568,0
DA:580,0
DA:581,0
DA:582,0
DA:584,0
DA:585,0
DA:592,0
DA:600,0
DA:602,0
DA:603,0
DA:610,0
DA:613,0
DA:614,0
DA:622,0
DA:623,0
DA:624,0
DA:631,0
DA:632,0
DA:640,0
DA:641,0
DA:649,0
DA:650,0
DA:655,0
DA:656,0
DA:665,0
DA:666,0
DA:671,0
DA:674,0
DA:683,0
DA:684,0
DA:692,0
DA:693,0
DA:694,0
DA:695,0
DA:696,0
DA:698,0
DA:699,0
DA:700,0
DA:701,0
DA:704,0
DA:721,0
DA:722,0
DA:733,0
DA:734,0
DA:735,0
DA:739,0
DA:746,0
DA:747,0
DA:755,0
LF:172
LH:0
BRDA:28,0,0,0
BRDA:29,1,0,0
BRDA:30,2,0,0
BRDA:31,3,0,0
BRDA:41,4,0,0
BRDA:41,4,1,0
BRDA:50,5,0,0
BRDA:50,5,1,0
BRDA:58,6,0,0
BRDA:58,6,1,0
BRDA:62,7,0,0
BRDA:62,7,1,0
BRDA:66,8,0,0
BRDA:66,8,1,0
BRDA:70,9,0,0
BRDA:70,9,1,0
BRDA:76,10,0,0
BRDA:76,10,1,0
BRDA:77,11,0,0
BRDA:77,11,1,0
BRDA:174,12,0,0
BRDA:174,12,1,0
BRDA:223,13,0,0
BRDA:225,14,0,0
BRDA:226,15,0,0
BRDA:235,16,0,0
BRDA:235,16,1,0
BRDA:235,17,0,0
BRDA:235,17,1,0
BRDA:235,17,2,0
BRDA:235,17,3,0
BRDA:235,17,4,0
BRDA:235,17,5,0
BRDA:243,18,0,0
BRDA:243,18,1,0
BRDA:256,19,0,0
BRDA:256,19,1,0
BRDA:269,20,0,0
BRDA:269,20,1,0
BRDA:292,21,0,0
BRDA:292,21,1,0
BRDA:295,22,0,0
BRDA:295,22,1,0
BRDA:297,23,0,0
BRDA:297,23,1,0
BRDA:300,24,0,0
BRDA:300,24,1,0
BRDA:301,25,0,0
BRDA:301,25,1,0
BRDA:302,26,0,0
BRDA:302,26,1,0
BRDA:366,27,0,0
BRDA:366,27,1,0
BRDA:375,28,0,0
BRDA:375,28,1,0
BRDA:380,29,0,0
BRDA:380,29,1,0
BRDA:390,30,0,0
BRDA:390,30,1,0
BRDA:390,31,0,0
BRDA:390,31,1,0
BRDA:390,31,2,0
BRDA:480,32,0,0
BRDA:480,32,1,0
BRDA:493,33,0,0
BRDA:493,33,1,0
BRDA:537,34,0,0
BRDA:537,34,1,0
BRDA:544,35,0,0
BRDA:544,35,1,0
BRDA:584,36,0,0
BRDA:584,36,1,0
BRDA:602,37,0,0
BRDA:602,37,1,0
BRDA:613,38,0,0
BRDA:613,38,1,0
BRDA:623,39,0,0
BRDA:623,39,1,0
BRDA:631,40,0,0
BRDA:631,40,1,0
BRDA:640,41,0,0
BRDA:640,41,1,0
BRDA:640,42,0,0
BRDA:640,42,1,0
BRDA:649,43,0,0
BRDA:649,43,1,0
BRDA:649,44,0,0
BRDA:649,44,1,0
BRDA:655,45,0,0
BRDA:655,45,1,0
BRDA:665,46,0,0
BRDA:665,46,1,0
BRDA:665,47,0,0
BRDA:665,47,1,0
BRDA:665,47,2,0
BRDA:671,48,0,0
BRDA:671,48,1,0
BRDA:671,49,0,0
BRDA:671,49,1,0
BRDA:671,49,2,0
BRDA:683,50,0,0
BRDA:683,50,1,0
BRDA:683,51,0,0
BRDA:683,51,1,0
BRDA:683,51,2,0
BRDA:693,52,0,0
BRDA:693,52,1,0
BRDA:694,53,0,0
BRDA:694,53,1,0
BRDA:695,54,0,0
BRDA:695,54,1,0
BRDA:695,55,0,0
BRDA:695,55,1,0
BRDA:698,56,0,0
BRDA:698,56,1,0
BRDA:700,57,0,0
BRDA:700,57,1,0
BRF:117
BRH:0
end_of_record
TN:
SF:src\services\inventoryService.js
FN:28,(anonymous_0)
FN:149,(anonymous_1)
FN:230,(anonymous_2)
FN:380,(anonymous_3)
FN:479,(anonymous_4)
FN:596,(anonymous_5)
FN:765,(anonymous_6)
FN:882,(anonymous_7)
FN:918,(anonymous_8)
FN:944,ensureDateExists
FN:1000,searchProductsForLookup
FN:1091,(anonymous_11)
FN:1126,getProductInventoryDetail
FN:1190,(anonymous_13)
FN:1211,(anonymous_14)
FN:1229,(anonymous_15)
FNF:16
FNH:0
FNDA:0,(anonymous_0)
FNDA:0,(anonymous_1)
FNDA:0,(anonymous_2)
FNDA:0,(anonymous_3)
FNDA:0,(anonymous_4)
FNDA:0,(anonymous_5)
FNDA:0,(anonymous_6)
FNDA:0,(anonymous_7)
FNDA:0,(anonymous_8)
FNDA:0,ensureDateExists
FNDA:0,searchProductsForLookup
FNDA:0,(anonymous_11)
FNDA:0,getProductInventoryDetail
FNDA:0,(anonymous_13)
FNDA:0,(anonymous_14)
FNDA:0,(anonymous_15)
DA:20,0
DA:28,0
DA:29,0
DA:30,0
DA:31,0
DA:32,0
DA:33,0
DA:34,0
DA:35,0
DA:37,0
DA:38,0
DA:39,0
DA:42,0
DA:43,0
DA:44,0
DA:45,0
DA:49,0
DA:50,0
DA:51,0
DA:52,0
DA:56,0
DA:57,0
DA:59,0
DA:60,0
DA:62,0
DA:63,0
DA:65,0
DA:66,0
DA:68,0
DA:69,0
DA:73,0
DA:76,0
DA:83,0
DA:84,0
DA:87,0
DA:120,0
DA:122,0
DA:133,0
DA:134,0
DA:149,0
DA:150,0
DA:151,0
DA:152,0
DA:155,0
DA:170,0
DA:172,0
DA:173,0
DA:180,0
DA:195,0
DA:197,0
DA:198,0
DA:199,0
DA:202,0
DA:204,0
DA:206,0
DA:214,0
DA:215,0
DA:230,0
DA:231,0
DA:232,0
DA:233,0
DA:234,0
DA:235,0
DA:238,0
DA:239,0
DA:245,0
DA:246,0
DA:252,0
DA:253,0
DA:259,0
DA:262,0
DA:267,0
DA:269,0
DA:270,0
DA:271,0
DA:274,0
DA:275,0
DA:279,0
DA:281,0
DA:282,0
DA:283,0
DA:285,0
DA:286,0
DA:287,0
DA:289,0
DA:290,0
DA:291,0
DA:294,0
DA:295,0
DA:296,0
DA:303,0
DA:307,0
DA:309,0
DA:310,0
DA:311,0
DA:316,0
DA:319,0
DA:320,0
DA:326,0
DA:333,0
DA:334,0
DA:337,0
DA:338,0
DA:348,0
DA:350,0
DA:361,0
DA:362,0
DA:363,0
DA:369,0
DA:380,0
DA:381,0
DA:382,0
DA:383,0
DA:384,0
DA:385,0
DA:386,0
DA:387,0
DA:388,0
DA:390,0
DA:391,0
DA:392,0
DA:394,0
DA:395,0
DA:396,0
DA:397,0
DA:400,0
DA:401,0
DA:402,0
DA:403,0
DA:406,0
DA:407,0
DA:408,0
DA:409,0
DA:412,0
DA:415,0
DA:420,0
DA:421,0
DA:424,0
DA:451,0
DA:453,0
DA:464,0
DA:465,0
DA:479,0
DA:480,0
DA:481,0
DA:482,0
DA:483,0
DA:486,0
DA:487,0
DA:493,0
DA:494,0
DA:500,0
DA:503,0
DA:506,0
DA:507,0
DA:508,0
DA:513,0
DA:515,0
DA:516,0
DA:518,0
DA:520,0
DA:521,0
DA:523,0
DA:524,0
DA:528,0
DA:532,0
DA:533,0
DA:536,0
DA:539,0
DA:540,0
DA:546,0
DA:553,0
DA:554,0
DA:564,0
DA:567,0
DA:569,0
DA:578,0
DA:579,0
DA:580,0
DA:586,0
DA:596,0
DA:597,0
DA:598,0
DA:599,0
DA:600,0
DA:603,0
DA:604,0
DA:610,0
DA:611,0
DA:617,0
DA:618,0
DA:624,0
DA:627,0
DA:630,0
DA:634,0
DA:635,0
DA:636,0
DA:642,0
DA:643,0
DA:645,0
DA:646,0
DA:648,0
DA:650,0
DA:651,0
DA:653,0
DA:654,0
DA:658,0
DA:662,0
DA:664,0
DA:666,0
DA:667,0
DA:673,0
DA:674,0
DA:677,0
DA:681,0
DA:682,0
DA:685,0
DA:688,0
DA:695,0
DA:696,0
DA:702,0
DA:709,0
DA:712,0
DA:723,0
DA:733,0
DA:736,0
DA:738,0
DA:747,0
DA:748,0
DA:749,0
DA:755,0
DA:765,0
DA:766,0
DA:767,0
DA:768,0
DA:769,0
DA:772,0
DA:773,0
DA:779,0
DA:780,0
DA:786,0
DA:789,0
DA:792,0
DA:793,0
DA:794,0
DA:799,0
DA:801,0
DA:802,0
DA:804,0
DA:806,0
DA:807,0
DA:809,0
DA:810,0
DA:814,0
DA:818,0
DA:820,0
DA:822,0
DA:823,0
DA:829,0
DA:830,0
DA:833,0
DA:840,0
DA:841,0
DA:851,0
DA:854,0
DA:856,0
DA:865,0
DA:866,0
DA:867,0
DA:873,0
DA:882,0
DA:883,0
DA:884,0
DA:897,0
DA:899,0
DA:904,0
DA:905,0
DA:918,0
DA:919,0
DA:920,0
DA:925,0
DA:927,0
DA:932,0
DA:933,0
DA:945,0
DA:946,0
DA:947,0
DA:948,0
DA:951,0
DA:952,0
DA:954,0
DA:955,0
DA:973,0
DA:1001,0
DA:1009,0
DA:1012,0
DA:1013,0
DA:1014,0
DA:1017,0
DA:1026,0
DA:1027,0
DA:1028,0
DA:1030,0
DA:1031,0
DA:1032,0
DA:1033,0
DA:1034,0
DA:1038,0
DA:1039,0
DA:1040,0
DA:1041,0
DA:1042,0
DA:1046,0
DA:1070,0
DA:1072,0
DA:1075,0
DA:1076,0
DA:1085,0
DA:1086,0
DA:1088,0
DA:1091,0
DA:1113,0
DA:1114,0
DA:1127,0
DA:1128,0
DA:1131,0
DA:1143,0
DA:1144,0
DA:1150,0
DA:1153,0
DA:1169,0
DA:1189,0
DA:1190,0
DA:1191,0
DA:1192,0
DA:1193,0
DA:1201,0
DA:1211,0
DA:1214,0
DA:1216,0
DA:1229,0
DA:1242,0
DA:1243,0
LF:343
LH:0
BRDA:30,0,0,0
BRDA:30,0,1,0
BRDA:31,1,0,0
BRDA:31,1,1,0
BRDA:33,2,0,0
BRDA:33,2,1,0
BRDA:42,3,0,0
BRDA:42,3,1,0
BRDA:49,4,0,0
BRDA:49,4,1,0
BRDA:56,5,0,0
BRDA:56,5,1,0
BRDA:57,6,0,0
BRDA:57,6,1,0
BRDA:57,6,2,0
BRDA:57,6,3,0
BRDA:73,7,0,0
BRDA:73,7,1,0
BRDA:172,8,0,0
BRDA:172,8,1,0
BRDA:197,9,0,0
BRDA:197,9,1,0
BRDA:238,10,0,0
BRDA:238,10,1,0
BRDA:245,11,0,0
BRDA:245,11,1,0
BRDA:245,12,0,0
BRDA:245,12,1,0
BRDA:252,13,0,0
BRDA:252,13,1,0
BRDA:274,14,0,0
BRDA:274,14,1,0
BRDA:279,15,0,0
BRDA:279,15,1,0
BRDA:279,15,2,0
BRDA:294,16,0,0
BRDA:294,16,1,0
BRDA:309,17,0,0
BRDA:309,17,1,0
BRDA:319,18,0,0
BRDA:319,18,1,0
BRDA:345,19,0,0
BRDA:345,19,1,0
BRDA:383,20,0,0
BRDA:383,20,1,0
BRDA:384,21,0,0
BRDA:384,21,1,0
BRDA:394,22,0,0
BRDA:394,22,1,0
BRDA:400,23,0,0
BRDA:400,23,1,0
BRDA:406,24,0,0
BRDA:406,24,1,0
BRDA:486,25,0,0
BRDA:486,25,1,0
BRDA:493,26,0,0
BRDA:493,26,1,0
BRDA:493,27,0,0
BRDA:493,27,1,0
BRDA:493,27,2,0
BRDA:506,28,0,0
BRDA:506,28,1,0
BRDA:523,29,0,0
BRDA:523,29,1,0
BRDA:523,30,0,0
BRDA:523,30,1,0
BRDA:523,30,2,0
BRDA:533,31,0,0
BRDA:533,31,1,0
BRDA:539,32,0,0
BRDA:539,32,1,0
BRDA:561,33,0,0
BRDA:561,33,1,0
BRDA:561,34,0,0
BRDA:561,34,1,0
BRDA:603,35,0,0
BRDA:603,35,1,0
BRDA:603,36,0,0
BRDA:603,36,1,0
BRDA:610,37,0,0
BRDA:610,37,1,0
BRDA:617,38,0,0
BRDA:617,38,1,0
BRDA:617,39,0,0
BRDA:617,39,1,0
BRDA:617,39,2,0
BRDA:634,40,0,0
BRDA:634,40,1,0
BRDA:634,41,0,0
BRDA:634,41,1,0
BRDA:653,42,0,0
BRDA:653,42,1,0
BRDA:653,43,0,0
BRDA:653,43,1,0
BRDA:653,43,2,0
BRDA:664,44,0,0
BRDA:664,44,1,0
BRDA:664,45,0,0
BRDA:664,45,1,0
BRDA:682,46,0,0
BRDA:682,46,1,0
BRDA:695,47,0,0
BRDA:695,47,1,0
BRDA:719,48,0,0
BRDA:719,48,1,0
BRDA:730,49,0,0
BRDA:730,49,1,0
BRDA:772,50,0,0
BRDA:772,50,1,0
BRDA:779,51,0,0
BRDA:779,51,1,0
BRDA:779,52,0,0
BRDA:779,52,1,0
BRDA:779,52,2,0
BRDA:792,53,0,0
BRDA:792,53,1,0
BRDA:809,54,0,0
BRDA:809,54,1,0
BRDA:809,55,0,0
BRDA:809,55,1,0
BRDA:809,55,2,0
BRDA:820,56,0,0
BRDA:820,56,1,0
BRDA:820,57,0,0
BRDA:820,57,1,0
BRDA:848,58,0,0
BRDA:848,58,1,0
BRDA:954,59,0,0
BRDA:954,59,1,0
BRDA:968,60,0,0
BRDA:968,60,1,0
BRDA:1003,61,0,0
BRDA:1004,62,0,0
BRDA:1005,63,0,0
BRDA:1006,64,0,0
BRDA:1007,65,0,0
BRDA:1013,66,0,0
BRDA:1013,66,1,0
BRDA:1014,67,0,0
BRDA:1014,67,1,0
BRDA:1030,68,0,0
BRDA:1030,68,1,0
BRDA:1030,69,0,0
BRDA:1030,69,1,0
BRDA:1039,70,0,0
BRDA:1039,70,1,0
BRDA:1086,71,0,0
BRDA:1086,71,1,0
BRDA:1098,72,0,0
BRDA:1098,72,1,0
BRDA:1099,73,0,0
BRDA:1099,73,1,0
BRDA:1100,74,0,0
BRDA:1100,74,1,0
BRDA:1143,75,0,0
BRDA:1143,75,1,0
BRDA:1192,76,0,0
BRDA:1192,76,1,0
BRDA:1203,77,0,0
BRDA:1203,77,1,0
BRDA:1204,78,0,0
BRDA:1204,78,1,0
BRDA:1205,79,0,0
BRDA:1205,79,1,0
BRDA:1211,80,0,0
BRDA:1211,80,1,0
BRDA:1214,81,0,0
BRDA:1214,81,1,0
BRDA:1233,82,0,0
BRDA:1233,82,1,0
BRDA:1234,83,0,0
BRDA:1234,83,1,0
BRDA:1235,84,0,0
BRDA:1235,84,1,0
BRF:174
BRH:0
end_of_record
TN:
SF:src\services\orderService.js
FN:18,(anonymous_0)
FN:124,(anonymous_1)
FN:182,(anonymous_2)
FN:250,(anonymous_3)
FN:309,(anonymous_4)
FN:368,(anonymous_5)
FN:461,(anonymous_6)
FN:605,(anonymous_7)
FN:695,(anonymous_8)
FN:774,(anonymous_9)
FN:873,(anonymous_10)
FN:930,(anonymous_11)
FN:1034,(anonymous_12)
FN:1035,(anonymous_13)
FN:1076,(anonymous_14)
FN:1150,(anonymous_15)
FN:1200,(anonymous_16)
FNF:17
FNH:0
FNDA:0,(anonymous_0)
FNDA:0,(anonymous_1)
FNDA:0,(anonymous_2)
FNDA:0,(anonymous_3)
FNDA:0,(anonymous_4)
FNDA:0,(anonymous_5)
FNDA:0,(anonymous_6)
FNDA:0,(anonymous_7)
FNDA:0,(anonymous_8)
FNDA:0,(anonymous_9)
FNDA:0,(anonymous_10)
FNDA:0,(anonymous_11)
FNDA:0,(anonymous_12)
FNDA:0,(anonymous_13)
FNDA:0,(anonymous_14)
FNDA:0,(anonymous_15)
FNDA:0,(anonymous_16)
DA:1,0
DA:18,0
DA:19,0
DA:28,0
DA:31,0
DA:32,0
DA:35,0
DA:36,0
DA:39,0
DA:42,0
DA:43,0
DA:44,0
DA:46,0
DA:47,0
DA:48,0
DA:49,0
DA:52,0
DA:53,0
DA:54,0
DA:55,0
DA:58,0
DA:59,0
DA:62,0
DA:63,0
DA:66,0
DA:71,0
DA:78,0
DA:79,0
DA:82,0
DA:118,0
DA:119,0
DA:121,0
DA:124,0
DA:152,0
DA:166,0
DA:167,0
DA:182,0
DA:183,0
DA:184,0
DA:187,0
DA:216,0
DA:218,0
DA:219,0
DA:226,0
DA:229,0
DA:248,0
DA:250,0
DA:261,0
DA:296,0
DA:297,0
DA:309,0
DA:310,0
DA:311,0
DA:325,0
DA:326,0
DA:328,0
DA:351,0
DA:352,0
DA:368,0
DA:370,0
DA:372,0
DA:385,0
DA:388,0
DA:389,0
DA:396,0
DA:397,0
DA:405,0
DA:406,0
DA:407,0
DA:414,0
DA:415,0
DA:424,0
DA:427,0
DA:428,0
DA:431,0
DA:436,0
DA:437,0
DA:445,0
DA:446,0
DA:451,0
DA:452,0
DA:461,0
DA:462,0
DA:467,0
DA:468,0
DA:476,0
DA:479,0
DA:480,0
DA:484,0
DA:496,0
DA:497,0
DA:500,0
DA:515,0
DA:518,0
DA:519,0
DA:520,0
DA:522,0
DA:523,0
DA:524,0
DA:533,0
DA:541,0
DA:544,0
DA:559,0
DA:585,0
DA:586,0
DA:587,0
DA:594,0
DA:605,0
DA:606,0
DA:607,0
DA:608,0
DA:611,0
DA:616,0
DA:617,0
DA:624,0
DA:627,0
DA:628,0
DA:630,0
DA:631,0
DA:638,0
DA:639,0
DA:647,0
DA:656,0
DA:663,0
DA:665,0
DA:679,0
DA:680,0
DA:695,0
DA:696,0
DA:697,0
DA:698,0
DA:701,0
DA:706,0
DA:707,0
DA:714,0
DA:717,0
DA:718,0
DA:726,0
DA:741,0
DA:742,0
DA:744,0
DA:758,0
DA:759,0
DA:774,0
DA:775,0
DA:776,0
DA:808,0
DA:809,0
DA:812,0
DA:816,0
DA:820,0
DA:860,0
DA:861,0
DA:873,0
DA:874,0
DA:876,0
DA:877,0
DA:878,0
DA:881,0
DA:889,0
DA:890,0
DA:896,0
DA:898,0
DA:899,0
DA:906,0
DA:907,0
DA:914,0
DA:923,0
DA:926,0
DA:927,0
DA:929,0
DA:930,0
DA:932,0
DA:933,0
DA:939,0
DA:940,0
DA:946,0
DA:947,0
DA:948,0
DA:958,0
DA:961,0
DA:962,0
DA:963,0
DA:964,0
DA:966,0
DA:974,0
DA:975,0
DA:978,0
DA:993,0
DA:996,0
DA:998,0
DA:1005,0
DA:1013,0
DA:1014,0
DA:1034,0
DA:1035,0
DA:1037,0
DA:1038,0
DA:1045,0
DA:1047,0
DA:1061,0
DA:1062,0
DA:1063,0
DA:1069,0
DA:1076,0
DA:1077,0
DA:1078,0
DA:1081,0
DA:1097,0
DA:1099,0
DA:1100,0
DA:1106,0
DA:1109,0
DA:1128,0
DA:1131,0
DA:1150,0
DA:1181,0
DA:1188,0
DA:1189,0
DA:1200,0
DA:1201,0
DA:1202,0
DA:1203,0
DA:1204,0
DA:1205,0
DA:1207,0
DA:1209,0
DA:1210,0
DA:1211,0
DA:1212,0
DA:1215,0
DA:1216,0
DA:1217,0
DA:1218,0
DA:1221,0
DA:1222,0
DA:1223,0
DA:1224,0
DA:1228,0
DA:1232,0
DA:1235,0
DA:1255,0
DA:1257,0
DA:1259,0
DA:1272,0
DA:1273,0
DA:1281,0
LF:247
LH:0
BRDA:21,0,0,0
BRDA:22,1,0,0
BRDA:26,2,0,0
BRDA:27,3,0,0
BRDA:31,4,0,0
BRDA:31,4,1,0
BRDA:32,5,0,0
BRDA:32,5,1,0
BRDA:36,6,0,0
BRDA:36,6,1,0
BRDA:39,7,0,0
BRDA:39,7,1,0
BRDA:46,8,0,0
BRDA:46,8,1,0
BRDA:52,9,0,0
BRDA:52,9,1,0
BRDA:58,10,0,0
BRDA:58,10,1,0
BRDA:66,11,0,0
BRDA:66,11,1,0
BRDA:137,12,0,0
BRDA:137,12,1,0
BRDA:138,13,0,0
BRDA:138,13,1,0
BRDA:139,14,0,0
BRDA:139,14,1,0
BRDA:140,15,0,0
BRDA:140,15,1,0
BRDA:141,16,0,0
BRDA:141,16,1,0
BRDA:145,17,0,0
BRDA:145,17,1,0
BRDA:218,18,0,0
BRDA:218,18,1,0
BRDA:252,19,0,0
BRDA:252,19,1,0
BRDA:255,20,0,0
BRDA:255,20,1,0
BRDA:278,21,0,0
BRDA:278,21,1,0
BRDA:279,22,0,0
BRDA:279,22,1,0
BRDA:280,23,0,0
BRDA:280,23,1,0
BRDA:281,24,0,0
BRDA:281,24,1,0
BRDA:282,25,0,0
BRDA:282,25,1,0
BRDA:343,26,0,0
BRDA:343,26,1,0
BRDA:344,27,0,0
BRDA:344,27,1,0
BRDA:345,28,0,0
BRDA:345,28,1,0
BRDA:376,29,0,0
BRDA:377,30,0,0
BRDA:378,31,0,0
BRDA:379,32,0,0
BRDA:380,33,0,0
BRDA:388,34,0,0
BRDA:388,34,1,0
BRDA:396,35,0,0
BRDA:396,35,1,0
BRDA:396,36,0,0
BRDA:396,36,1,0
BRDA:406,37,0,0
BRDA:406,37,1,0
BRDA:406,38,0,0
BRDA:406,38,1,0
BRDA:406,38,2,0
BRDA:414,39,0,0
BRDA:414,39,1,0
BRDA:414,40,0,0
BRDA:414,40,1,0
BRDA:436,41,0,0
BRDA:436,41,1,0
BRDA:445,42,0,0
BRDA:445,42,1,0
BRDA:451,43,0,0
BRDA:451,43,1,0
BRDA:467,44,0,0
BRDA:467,44,1,0
BRDA:496,45,0,0
BRDA:496,45,1,0
BRDA:510,46,0,0
BRDA:510,46,1,0
BRDA:529,47,0,0
BRDA:529,47,1,0
BRDA:616,48,0,0
BRDA:616,48,1,0
BRDA:630,49,0,0
BRDA:630,49,1,0
BRDA:630,50,0,0
BRDA:630,50,1,0
BRDA:638,51,0,0
BRDA:638,51,1,0
BRDA:638,52,0,0
BRDA:638,52,1,0
BRDA:657,53,0,0
BRDA:657,53,1,0
BRDA:658,54,0,0
BRDA:658,54,1,0
BRDA:659,55,0,0
BRDA:659,55,1,0
BRDA:706,56,0,0
BRDA:706,56,1,0
BRDA:717,57,0,0
BRDA:717,57,1,0
BRDA:741,58,0,0
BRDA:741,58,1,0
BRDA:812,59,0,0
BRDA:812,59,1,0
BRDA:816,60,0,0
BRDA:816,60,1,0
BRDA:878,61,0,0
BRDA:889,62,0,0
BRDA:889,62,1,0
BRDA:898,63,0,0
BRDA:898,63,1,0
BRDA:898,64,0,0
BRDA:898,64,1,0
BRDA:906,65,0,0
BRDA:906,65,1,0
BRDA:906,66,0,0
BRDA:906,66,1,0
BRDA:906,66,2,0
BRDA:932,67,0,0
BRDA:932,67,1,0
BRDA:939,68,0,0
BRDA:939,68,1,0
BRDA:974,69,0,0
BRDA:974,69,1,0
BRDA:988,70,0,0
BRDA:988,70,1,0
BRDA:1028,71,0,0
BRDA:1028,71,1,0
BRDA:1028,71,2,0
BRDA:1037,72,0,0
BRDA:1037,72,1,0
BRDA:1099,73,0,0
BRDA:1099,73,1,0
BRDA:1143,74,0,0
BRDA:1143,74,1,0
BRDA:1144,75,0,0
BRDA:1144,75,1,0
BRDA:1145,76,0,0
BRDA:1145,76,1,0
BRDA:1145,76,2,0
BRDA:1202,77,0,0
BRDA:1202,78,0,0
BRDA:1209,79,0,0
BRDA:1209,79,1,0
BRDA:1215,80,0,0
BRDA:1215,80,1,0
BRDA:1221,81,0,0
BRDA:1221,81,1,0
BRF:156
BRH:0
end_of_record
TN:
SF:src\services\posService.js
FN:36,(anonymous_0)
FN:293,(anonymous_1)
FN:364,(anonymous_2)
FN:390,(anonymous_3)
FN:447,(anonymous_4)
FN:548,(anonymous_5)
FN:590,(anonymous_6)
FN:618,(anonymous_7)
FN:685,(anonymous_8)
FN:713,(anonymous_9)
FN:768,(anonymous_10)
FN:856,(anonymous_11)
FN:895,(anonymous_12)
FN:1040,(anonymous_13)
FNF:14
FNH:0
FNDA:0,(anonymous_0)
FNDA:0,(anonymous_1)
FNDA:0,(anonymous_2)
FNDA:0,(anonymous_3)
FNDA:0,(anonymous_4)
FNDA:0,(anonymous_5)
FNDA:0,(anonymous_6)
FNDA:0,(anonymous_7)
FNDA:0,(anonymous_8)
FNDA:0,(anonymous_9)
FNDA:0,(anonymous_10)
FNDA:0,(anonymous_11)
FNDA:0,(anonymous_12)
FNDA:0,(anonymous_13)
DA:1,0
DA:36,0
DA:37,0
DA:39,0
DA:52,0
DA:54,0
DA:57,0
DA:58,0
DA:64,0
DA:65,0
DA:71,0
DA:74,0
DA:75,0
DA:76,0
DA:81,0
DA:82,0
DA:85,0
DA:86,0
DA:88,0
DA:90,0
DA:105,0
DA:106,0
DA:107,0
DA:113,0
DA:116,0
DA:117,0
DA:118,0
DA:124,0
DA:125,0
DA:126,0
DA:127,0
DA:129,0
DA:131,0
DA:147,0
DA:148,0
DA:149,0
DA:152,0
DA:185,0
DA:188,0
DA:189,0
DA:207,0
DA:215,0
DA:236,0
DA:237,0
DA:245,0
DA:246,0
DA:255,0
DA:257,0
DA:272,0
DA:273,0
DA:274,0
DA:280,0
DA:293,0
DA:294,0
DA:295,0
DA:297,0
DA:298,0
DA:304,0
DA:307,0
DA:310,0
DA:312,0
DA:332,0
DA:333,0
DA:361,0
DA:364,0
DA:377,0
DA:378,0
DA:390,0
DA:391,0
DA:392,0
DA:393,0
DA:395,0
DA:411,0
DA:412,0
DA:418,0
DA:420,0
DA:434,0
DA:435,0
DA:447,0
DA:448,0
DA:458,0
DA:460,0
DA:462,0
DA:463,0
DA:470,0
DA:471,0
DA:476,0
DA:477,0
DA:480,0
DA:505,0
DA:508,0
DA:509,0
DA:525,0
DA:535,0
DA:536,0
DA:548,0
DA:549,0
DA:550,0
DA:551,0
DA:553,0
DA:554,0
DA:555,0
DA:557,0
DA:558,0
DA:559,0
DA:560,0
DA:563,0
DA:587,0
DA:590,0
DA:605,0
DA:606,0
DA:618,0
DA:619,0
DA:620,0
DA:623,0
DA:642,0
DA:643,0
DA:649,0
DA:652,0
DA:670,0
DA:685,0
DA:700,0
DA:701,0
DA:713,0
DA:714,0
DA:716,0
DA:717,0
DA:719,0
DA:722,0
DA:726,0
DA:727,0
DA:728,0
DA:735,0
DA:740,0
DA:744,0
DA:746,0
DA:752,0
DA:753,0
DA:754,0
DA:760,0
DA:768,0
DA:769,0
DA:770,0
DA:773,0
DA:802,0
DA:803,0
DA:809,0
DA:812,0
DA:829,0
DA:838,0
DA:856,0
DA:881,0
DA:882,0
DA:895,0
DA:896,0
DA:897,0
DA:899,0
DA:900,0
DA:907,0
DA:928,0
DA:929,0
DA:936,0
DA:937,0
DA:940,0
DA:941,0
DA:949,0
DA:950,0
DA:957,0
DA:958,0
DA:966,0
DA:967,0
DA:975,0
DA:976,0
DA:982,0
DA:983,0
DA:992,0
DA:993,0
DA:1001,0
DA:1002,0
DA:1003,0
DA:1004,0
DA:1005,0
DA:1007,0
DA:1008,0
DA:1011,0
DA:1027,0
DA:1028,0
DA:1040,0
DA:1041,0
DA:1042,0
DA:1051,0
DA:1057,0
DA:1058,0
DA:1066,0
LF:194
LH:0
BRDA:45,0,0,0
BRDA:48,1,0,0
BRDA:50,2,0,0
BRDA:57,3,0,0
BRDA:57,3,1,0
BRDA:64,4,0,0
BRDA:64,4,1,0
BRDA:64,5,0,0
BRDA:64,5,1,0
BRDA:105,6,0,0
BRDA:105,6,1,0
BRDA:116,7,0,0
BRDA:116,7,1,0
BRDA:124,8,0,0
BRDA:124,8,1,0
BRDA:126,9,0,0
BRDA:126,9,1,0
BRDA:138,10,0,0
BRDA:138,10,1,0
BRDA:147,11,0,0
BRDA:147,11,1,0
BRDA:171,12,0,0
BRDA:171,12,1,0
BRDA:174,13,0,0
BRDA:174,13,1,0
BRDA:179,14,0,0
BRDA:179,14,1,0
BRDA:181,15,0,0
BRDA:181,15,1,0
BRDA:236,16,0,0
BRDA:236,16,1,0
BRDA:245,17,0,0
BRDA:245,17,1,0
BRDA:295,18,0,0
BRDA:295,19,0,0
BRDA:297,20,0,0
BRDA:297,20,1,0
BRDA:297,21,0,0
BRDA:297,21,1,0
BRDA:310,22,0,0
BRDA:310,22,1,0
BRDA:329,23,0,0
BRDA:329,23,1,0
BRDA:358,24,0,0
BRDA:358,24,1,0
BRDA:367,25,0,0
BRDA:367,25,1,0
BRDA:370,26,0,0
BRDA:370,26,1,0
BRDA:371,27,0,0
BRDA:371,27,1,0
BRDA:409,28,0,0
BRDA:409,28,1,0
BRDA:411,29,0,0
BRDA:411,29,1,0
BRDA:425,30,0,0
BRDA:425,30,1,0
BRDA:426,31,0,0
BRDA:426,31,1,0
BRDA:427,32,0,0
BRDA:427,32,1,0
BRDA:428,33,0,0
BRDA:428,33,1,0
BRDA:429,34,0,0
BRDA:429,34,1,0
BRDA:429,35,0,0
BRDA:429,35,1,0
BRDA:454,36,0,0
BRDA:462,37,0,0
BRDA:462,37,1,0
BRDA:462,38,0,0
BRDA:462,38,1,0
BRDA:496,39,0,0
BRDA:496,39,1,0
BRDA:497,40,0,0
BRDA:497,40,1,0
BRDA:498,41,0,0
BRDA:498,41,1,0
BRDA:500,42,0,0
BRDA:500,42,1,0
BRDA:501,43,0,0
BRDA:501,43,1,0
BRDA:501,44,0,0
BRDA:501,44,1,0
BRDA:518,45,0,0
BRDA:518,45,1,0
BRDA:519,46,0,0
BRDA:519,46,1,0
BRDA:520,47,0,0
BRDA:520,47,1,0
BRDA:521,48,0,0
BRDA:521,48,1,0
BRDA:521,49,0,0
BRDA:521,49,1,0
BRDA:557,50,0,0
BRDA:557,50,1,0
BRDA:596,51,0,0
BRDA:596,51,1,0
BRDA:597,52,0,0
BRDA:597,52,1,0
BRDA:598,53,0,0
BRDA:598,53,1,0
BRDA:642,54,0,0
BRDA:642,54,1,0
BRDA:680,55,0,0
BRDA:680,55,1,0
BRDA:681,56,0,0
BRDA:681,56,1,0
BRDA:683,57,0,0
BRDA:683,57,1,0
BRDA:688,58,0,0
BRDA:688,58,1,0
BRDA:691,59,0,0
BRDA:691,59,1,0
BRDA:692,60,0,0
BRDA:692,60,1,0
BRDA:693,61,0,0
BRDA:693,61,1,0
BRDA:726,62,0,0
BRDA:726,62,1,0
BRDA:802,63,0,0
BRDA:802,63,1,0
BRDA:858,64,0,0
BRDA:858,64,1,0
BRDA:860,65,0,0
BRDA:860,65,1,0
BRDA:861,66,0,0
BRDA:861,66,1,0
BRDA:862,67,0,0
BRDA:862,67,1,0
BRDA:865,68,0,0
BRDA:865,68,1,0
BRDA:866,69,0,0
BRDA:866,69,1,0
BRDA:867,70,0,0
BRDA:867,70,1,0
BRDA:868,71,0,0
BRDA:868,71,1,0
BRDA:871,72,0,0
BRDA:871,72,1,0
BRDA:872,73,0,0
BRDA:872,73,1,0
BRDA:873,74,0,0
BRDA:873,74,1,0
BRDA:899,75,0,0
BRDA:899,75,1,0
BRDA:928,76,0,0
BRDA:928,76,1,0
BRDA:940,77,0,0
BRDA:940,77,1,0
BRDA:949,78,0,0
BRDA:949,78,1,0
BRDA:949,79,0,0
BRDA:949,79,1,0
BRDA:957,80,0,0
BRDA:957,80,1,0
BRDA:957,81,0,0
BRDA:957,81,1,0
BRDA:966,82,0,0
BRDA:966,82,1,0
BRDA:966,83,0,0
BRDA:966,83,1,0
BRDA:975,84,0,0
BRDA:975,84,1,0
BRDA:975,85,0,0
BRDA:975,85,1,0
BRDA:982,86,0,0
BRDA:982,86,1,0
BRDA:992,87,0,0
BRDA:992,87,1,0
BRDA:992,88,0,0
BRDA:992,88,1,0
BRDA:1002,89,0,0
BRDA:1002,89,1,0
BRDA:1004,90,0,0
BRDA:1004,90,1,0
BRDA:1004,91,0,0
BRDA:1004,91,1,0
BRDA:1007,92,0,0
BRDA:1007,92,1,0
BRDA:1022,93,0,0
BRDA:1022,93,1,0
BRF:182
BRH:0
end_of_record
TN:
SF:src\services\productImageService.js
FN:29,(anonymous_0)
FN:93,(anonymous_1)
FN:144,(anonymous_2)
FN:160,(anonymous_3)
FN:220,(anonymous_4)
FN:243,(anonymous_5)
FN:292,(anonymous_6)
FN:352,(anonymous_7)
FN:410,(anonymous_8)
FNF:9
FNH:0
FNDA:0,(anonymous_0)
FNDA:0,(anonymous_1)
FNDA:0,(anonymous_2)
FNDA:0,(anonymous_3)
FNDA:0,(anonymous_4)
FNDA:0,(anonymous_5)
FNDA:0,(anonymous_6)
FNDA:0,(anonymous_7)
FNDA:0,(anonymous_8)
DA:17,0
DA:18,0
DA:19,0
DA:20,0
DA:29,0
DA:30,0
DA:31,0
DA:33,0
DA:34,0
DA:41,0
DA:42,0
DA:44,0
DA:45,0
DA:52,0
DA:53,0
DA:54,0
DA:55,0
DA:56,0
DA:61,0
DA:64,0
DA:66,0
DA:75,0
DA:76,0
DA:78,0
DA:79,0
DA:93,0
DA:94,0
DA:95,0
DA:98,0
DA:99,0
DA:100,0
DA:106,0
DA:107,0
DA:108,0
DA:115,0
DA:116,0
DA:117,0
DA:121,0
DA:123,0
DA:128,0
DA:129,0
DA:144,0
DA:145,0
DA:146,0
DA:147,0
DA:149,0
DA:150,0
DA:157,0
DA:158,0
DA:160,0
DA:161,0
DA:162,0
DA:165,0
DA:171,0
DA:174,0
DA:178,0
DA:180,0
DA:181,0
DA:182,0
DA:183,0
DA:185,0
DA:191,0
DA:195,0
DA:199,0
DA:200,0
DA:204,0
DA:207,0
DA:209,0
DA:217,0
DA:219,0
DA:220,0
DA:221,0
DA:222,0
DA:226,0
DA:227,0
DA:233,0
DA:243,0
DA:244,0
DA:245,0
DA:248,0
DA:253,0
DA:254,0
DA:261,0
DA:268,0
DA:276,0
DA:277,0
DA:292,0
DA:293,0
DA:294,0
DA:297,0
DA:302,0
DA:303,0
DA:309,0
DA:312,0
DA:313,0
DA:314,0
DA:318,0
DA:321,0
DA:322,0
DA:331,0
DA:336,0
DA:337,0
DA:352,0
DA:353,0
DA:354,0
DA:355,0
DA:358,0
DA:363,0
DA:364,0
DA:370,0
DA:373,0
DA:379,0
DA:384,0
DA:386,0
DA:391,0
DA:392,0
DA:393,0
DA:399,0
DA:410,0
DA:411,0
DA:412,0
DA:413,0
DA:414,0
DA:416,0
DA:417,0
DA:423,0
DA:425,0
DA:426,0
DA:432,0
DA:434,0
DA:439,0
DA:440,0
DA:441,0
DA:447,0
DA:451,0
LF:135
LH:0
BRDA:33,0,0,0
BRDA:33,0,1,0
BRDA:42,1,0,0
BRDA:42,1,1,0
BRDA:53,2,0,0
BRDA:53,2,1,0
BRDA:55,3,0,0
BRDA:55,3,1,0
BRDA:75,4,0,0
BRDA:75,4,1,0
BRDA:75,5,0,0
BRDA:75,5,1,0
BRDA:99,6,0,0
BRDA:99,6,1,0
BRDA:107,7,0,0
BRDA:107,7,1,0
BRDA:116,8,0,0
BRDA:116,8,1,0
BRDA:149,9,0,0
BRDA:149,9,1,0
BRDA:149,10,0,0
BRDA:149,10,1,0
BRDA:158,11,0,0
BRDA:158,11,1,0
BRDA:161,12,0,0
BRDA:161,12,1,0
BRDA:199,13,0,0
BRDA:199,13,1,0
BRDA:199,14,0,0
BRDA:199,14,1,0
BRDA:219,15,0,0
BRDA:219,15,1,0
BRDA:221,16,0,0
BRDA:221,16,1,0
BRDA:253,17,0,0
BRDA:253,17,1,0
BRDA:302,18,0,0
BRDA:302,18,1,0
BRDA:313,19,0,0
BRDA:313,19,1,0
BRDA:321,20,0,0
BRDA:321,20,1,0
BRDA:363,21,0,0
BRDA:363,21,1,0
BRDA:416,22,0,0
BRDA:416,22,1,0
BRDA:416,23,0,0
BRDA:416,23,1,0
BRDA:416,23,2,0
BRF:49
BRH:0
end_of_record
TN:
SF:src\services\productService.js
FN:12,(anonymous_0)
FN:131,(anonymous_1)
FN:230,(anonymous_2)
FN:294,(anonymous_3)
FN:384,(anonymous_4)
FN:421,(anonymous_5)
FN:468,(anonymous_6)
FN:497,(anonymous_7)
FN:498,(anonymous_8)
FN:526,(anonymous_9)
FN:545,(anonymous_10)
FN:546,(anonymous_11)
FN:547,(anonymous_12)
FN:550,(anonymous_13)
FN:551,(anonymous_14)
FN:555,(anonymous_15)
FN:556,(anonymous_16)
FN:557,(anonymous_17)
FN:698,(anonymous_18)
FN:719,(anonymous_19)
FNF:20
FNH:0
FNDA:0,(anonymous_0)
FNDA:0,(anonymous_1)
FNDA:0,(anonymous_2)
FNDA:0,(anonymous_3)
FNDA:0,(anonymous_4)
FNDA:0,(anonymous_5)
FNDA:0,(anonymous_6)
FNDA:0,(anonymous_7)
FNDA:0,(anonymous_8)
FNDA:0,(anonymous_9)
FNDA:0,(anonymous_10)
FNDA:0,(anonymous_11)
FNDA:0,(anonymous_12)
FNDA:0,(anonymous_13)
FNDA:0,(anonymous_14)
FNDA:0,(anonymous_15)
FNDA:0,(anonymous_16)
FNDA:0,(anonymous_17)
FNDA:0,(anonymous_18)
FNDA:0,(anonymous_19)
DA:1,0
DA:2,0
DA:3,0
DA:4,0
DA:12,0
DA:13,0
DA:23,0
DA:25,0
DA:26,0
DA:27,0
DA:30,0
DA:32,0
DA:33,0
DA:34,0
DA:35,0
DA:38,0
DA:39,0
DA:40,0
DA:41,0
DA:44,0
DA:45,0
DA:46,0
DA:47,0
DA:50,0
DA:51,0
DA:52,0
DA:53,0
DA:57,0
DA:58,0
DA:59,0
DA:62,0
DA:67,0
DA:68,0
DA:71,0
DA:101,0
DA:102,0
DA:104,0
DA:118,0
DA:119,0
DA:131,0
DA:132,0
DA:134,0
DA:150,0
DA:153,0
DA:154,0
DA:161,0
DA:166,0
DA:167,0
DA:174,0
DA:177,0
DA:182,0
DA:186,0
DA:189,0
DA:190,0
DA:195,0
DA:205,0
DA:207,0
DA:214,0
DA:215,0
DA:216,0
DA:223,0
DA:230,0
DA:231,0
DA:232,0
DA:234,0
DA:249,0
DA:251,0
DA:252,0
DA:259,0
DA:262,0
DA:265,0
DA:268,0
DA:270,0
DA:276,0
DA:282,0
DA:283,0
DA:294,0
DA:295,0
DA:296,0
DA:307,0
DA:310,0
DA:315,0
DA:316,0
DA:323,0
DA:324,0
DA:328,0
DA:329,0
DA:336,0
DA:353,0
DA:366,0
DA:372,0
DA:373,0
DA:384,0
DA:385,0
DA:386,0
DA:389,0
DA:394,0
DA:395,0
DA:402,0
DA:404,0
DA:409,0
DA:410,0
DA:421,0
DA:422,0
DA:423,0
DA:425,0
DA:426,0
DA:432,0
DA:433,0
DA:439,0
DA:446,0
DA:448,0
DA:456,0
DA:457,0
DA:468,0
DA:469,0
DA:470,0
DA:491,0
DA:494,0
DA:495,0
DA:497,0
DA:498,0
DA:499,0
DA:500,0
DA:501,0
DA:502,0
DA:504,0
DA:506,0
DA:509,0
DA:510,0
DA:511,0
DA:513,0
DA:514,0
DA:526,0
DA:527,0
DA:528,0
DA:529,0
DA:535,0
DA:536,0
DA:537,0
DA:538,0
DA:541,0
DA:542,0
DA:543,0
DA:545,0
DA:546,0
DA:547,0
DA:550,0
DA:551,0
DA:552,0
DA:553,0
DA:555,0
DA:556,0
DA:557,0
DA:561,0
DA:564,0
DA:565,0
DA:566,0
DA:567,0
DA:569,0
DA:571,0
DA:572,0
DA:573,0
DA:574,0
DA:578,0
DA:579,0
DA:580,0
DA:582,0
DA:583,0
DA:584,0
DA:585,0
DA:588,0
DA:589,0
DA:590,0
DA:591,0
DA:595,0
DA:598,0
DA:605,0
DA:607,0
DA:608,0
DA:616,0
DA:622,0
DA:626,0
DA:627,0
DA:632,0
DA:633,0
DA:640,0
DA:649,0
DA:651,0
DA:652,0
DA:656,0
DA:657,0
DA:658,0
DA:661,0
DA:666,0
DA:668,0
DA:680,0
DA:682,0
DA:683,0
DA:684,0
DA:687,0
DA:698,0
DA:699,0
DA:700,0
DA:701,0
DA:707,0
DA:708,0
DA:719,0
DA:720,0
DA:721,0
DA:722,0
DA:728,0
DA:729,0
DA:737,0
LF:214
LH:0
BRDA:19,0,0,0
BRDA:20,1,0,0
BRDA:21,2,0,0
BRDA:22,3,0,0
BRDA:32,4,0,0
BRDA:32,4,1,0
BRDA:38,5,0,0
BRDA:38,5,1,0
BRDA:44,6,0,0
BRDA:44,6,1,0
BRDA:50,7,0,0
BRDA:50,7,1,0
BRDA:58,8,0,0
BRDA:58,8,1,0
BRDA:59,9,0,0
BRDA:59,9,1,0
BRDA:143,10,0,0
BRDA:144,11,0,0
BRDA:153,12,0,0
BRDA:153,12,1,0
BRDA:153,13,0,0
BRDA:153,13,1,0
BRDA:153,13,2,0
BRDA:153,13,3,0
BRDA:166,14,0,0
BRDA:166,14,1,0
BRDA:183,15,0,0
BRDA:183,15,1,0
BRDA:183,16,0,0
BRDA:183,16,1,0
BRDA:183,17,0,0
BRDA:183,17,1,0
BRDA:189,18,0,0
BRDA:189,18,1,0
BRDA:189,19,0,0
BRDA:189,19,1,0
BRDA:197,20,0,0
BRDA:197,20,1,0
BRDA:198,21,0,0
BRDA:198,21,1,0
BRDA:199,22,0,0
BRDA:199,22,1,0
BRDA:251,23,0,0
BRDA:251,23,1,0
BRDA:315,24,0,0
BRDA:315,24,1,0
BRDA:323,25,0,0
BRDA:323,25,1,0
BRDA:323,26,0,0
BRDA:323,26,1,0
BRDA:328,27,0,0
BRDA:328,27,1,0
BRDA:357,28,0,0
BRDA:357,28,1,0
BRDA:394,29,0,0
BRDA:394,29,1,0
BRDA:425,30,0,0
BRDA:425,30,1,0
BRDA:425,31,0,0
BRDA:425,31,1,0
BRDA:432,32,0,0
BRDA:432,32,1,0
BRDA:500,33,0,0
BRDA:500,33,1,0
BRDA:500,34,0,0
BRDA:500,34,1,0
BRDA:501,35,0,0
BRDA:501,35,1,0
BRDA:501,36,0,0
BRDA:501,36,1,0
BRDA:528,37,0,0
BRDA:528,37,1,0
BRDA:571,38,0,0
BRDA:571,38,1,0
BRDA:571,39,0,0
BRDA:571,39,1,0
BRDA:579,40,0,0
BRDA:579,40,1,0
BRDA:582,41,0,0
BRDA:582,41,1,0
BRDA:588,42,0,0
BRDA:588,42,1,0
BRDA:605,43,0,0
BRDA:605,43,1,0
BRDA:612,44,0,0
BRDA:612,44,1,0
BRDA:620,45,0,0
BRDA:620,45,1,0
BRDA:626,46,0,0
BRDA:626,46,1,0
BRDA:626,47,0,0
BRDA:626,47,1,0
BRDA:632,48,0,0
BRDA:632,48,1,0
BRDA:637,49,0,0
BRDA:637,49,1,0
BRDA:637,50,0,0
BRDA:637,50,1,0
BRDA:643,51,0,0
BRDA:643,51,1,0
BRDA:643,52,0,0
BRDA:643,52,1,0
BRDA:682,53,0,0
BRDA:682,53,1,0
BRDA:682,54,0,0
BRDA:682,54,1,0
BRF:106
BRH:0
end_of_record
TN:
SF:src\services\profileService.js
FN:13,(anonymous_0)
FN:56,(anonymous_1)
FN:112,(anonymous_2)
FN:195,(anonymous_3)
FN:278,(anonymous_4)
FNF:5
FNH:0
FNDA:0,(anonymous_0)
FNDA:0,(anonymous_1)
FNDA:0,(anonymous_2)
FNDA:0,(anonymous_3)
FNDA:0,(anonymous_4)
DA:1,0
DA:2,0
DA:3,0
DA:4,0
DA:7,0
DA:13,0
DA:14,0
DA:15,0
DA:17,0
DA:29,0
DA:30,0
DA:36,0
DA:42,0
DA:43,0
DA:56,0
DA:57,0
DA:58,0
DA:59,0
DA:62,0
DA:63,0
DA:70,0
DA:71,0
DA:77,0
DA:85,0
DA:86,0
DA:92,0
DA:98,0
DA:99,0
DA:112,0
DA:113,0
DA:114,0
DA:115,0
DA:118,0
DA:119,0
DA:125,0
DA:126,0
DA:132,0
DA:133,0
DA:140,0
DA:145,0
DA:146,0
DA:152,0
DA:155,0
DA:157,0
DA:158,0
DA:165,0
DA:168,0
DA:173,0
DA:178,0
DA:179,0
DA:195,0
DA:196,0
DA:197,0
DA:200,0
DA:201,0
DA:208,0
DA:213,0
DA:216,0
DA:219,0
DA:227,0
DA:229,0
DA:230,0
DA:237,0
DA:238,0
DA:239,0
DA:240,0
DA:241,0
DA:243,0
DA:248,0
DA:257,0
DA:259,0
DA:260,0
DA:261,0
DA:263,0
DA:266,0
DA:278,0
DA:279,0
DA:280,0
DA:283,0
DA:288,0
DA:289,0
DA:295,0
DA:298,0
DA:304,0
DA:305,0
DA:306,0
DA:307,0
DA:308,0
DA:310,0
DA:315,0
DA:320,0
DA:321,0
DA:329,0
LF:93
LH:0
BRDA:29,0,0,0
BRDA:29,0,1,0
BRDA:62,1,0,0
BRDA:62,1,1,0
BRDA:70,2,0,0
BRDA:70,2,1,0
BRDA:70,3,0,0
BRDA:70,3,1,0
BRDA:82,4,0,0
BRDA:82,4,1,0
BRDA:82,5,0,0
BRDA:82,5,1,0
BRDA:82,6,0,0
BRDA:82,6,1,0
BRDA:82,7,0,0
BRDA:82,7,1,0
BRDA:85,8,0,0
BRDA:85,8,1,0
BRDA:118,9,0,0
BRDA:118,9,1,0
BRDA:118,10,0,0
BRDA:118,10,1,0
BRDA:118,10,2,0
BRDA:125,11,0,0
BRDA:125,11,1,0
BRDA:132,12,0,0
BRDA:132,12,1,0
BRDA:145,13,0,0
BRDA:145,13,1,0
BRDA:157,14,0,0
BRDA:157,14,1,0
BRDA:200,15,0,0
BRDA:200,15,1,0
BRDA:227,16,0,0
BRDA:227,16,1,0
BRDA:237,17,0,0
BRDA:237,17,1,0
BRDA:237,18,0,0
BRDA:237,18,1,0
BRDA:239,19,0,0
BRDA:239,19,1,0
BRDA:259,20,0,0
BRDA:259,20,1,0
BRDA:259,21,0,0
BRDA:259,21,1,0
BRDA:288,22,0,0
BRDA:288,22,1,0
BRDA:304,23,0,0
BRDA:304,23,1,0
BRDA:304,24,0,0
BRDA:304,24,1,0
BRDA:306,25,0,0
BRDA:306,25,1,0
BRF:53
BRH:0
end_of_record
TN:
SF:src\services\reportService.js
FN:32,(anonymous_0)
FN:151,(anonymous_1)
FN:158,(anonymous_2)
FN:163,(anonymous_3)
FN:201,(anonymous_4)
FN:261,(anonymous_5)
FN:298,(anonymous_6)
FN:342,(anonymous_7)
FN:456,(anonymous_8)
FN:516,(anonymous_9)
FN:660,(anonymous_10)
FN:665,(anonymous_11)
FN:670,(anonymous_12)
FN:673,(anonymous_13)
FN:680,(anonymous_14)
FN:706,(anonymous_15)
FNF:16
FNH:0
FNDA:0,(anonymous_0)
FNDA:0,(anonymous_1)
FNDA:0,(anonymous_2)
FNDA:0,(anonymous_3)
FNDA:0,(anonymous_4)
FNDA:0,(anonymous_5)
FNDA:0,(anonymous_6)
FNDA:0,(anonymous_7)
FNDA:0,(anonymous_8)
FNDA:0,(anonymous_9)
FNDA:0,(anonymous_10)
FNDA:0,(anonymous_11)
FNDA:0,(anonymous_12)
FNDA:0,(anonymous_13)
FNDA:0,(anonymous_14)
FNDA:0,(anonymous_15)
DA:1,0
DA:32,0
DA:33,0
DA:34,0
DA:37,0
DA:38,0
DA:39,0
DA:42,0
DA:43,0
DA:44,0
DA:47,0
DA:48,0
DA:50,0
DA:51,0
DA:52,0
DA:53,0
DA:56,0
DA:57,0
DA:58,0
DA:59,0
DA:62,0
DA:65,0
DA:79,0
DA:91,0
DA:105,0
DA:117,0
DA:131,0
DA:142,0
DA:151,0
DA:158,0
DA:163,0
DA:177,0
DA:178,0
DA:201,0
DA:202,0
DA:203,0
DA:205,0
DA:206,0
DA:207,0
DA:210,0
DA:211,0
DA:212,0
DA:213,0
DA:215,0
DA:216,0
DA:220,0
DA:236,0
DA:249,0
DA:261,0
DA:262,0
DA:263,0
DA:266,0
DA:277,0
DA:278,0
DA:280,0
DA:298,0
DA:315,0
DA:316,0
DA:342,0
DA:343,0
DA:353,0
DA:355,0
DA:356,0
DA:357,0
DA:358,0
DA:361,0
DA:362,0
DA:363,0
DA:365,0
DA:373,0
DA:374,0
DA:375,0
DA:376,0
DA:378,0
DA:379,0
DA:383,0
DA:413,0
DA:426,0
DA:429,0
DA:448,0
DA:456,0
DA:491,0
DA:492,0
DA:516,0
DA:517,0
DA:518,0
DA:520,0
DA:523,0
DA:524,0
DA:525,0
DA:526,0
DA:528,0
DA:529,0
DA:533,0
DA:552,0
DA:568,0
DA:580,0
DA:601,0
DA:619,0
DA:620,0
DA:621,0
DA:625,0
DA:629,0
DA:630,0
DA:631,0
DA:635,0
DA:638,0
DA:660,0
DA:665,0
DA:670,0
DA:673,0
DA:680,0
DA:693,0
DA:694,0
DA:706,0
DA:707,0
DA:708,0
DA:715,0
DA:722,0
DA:723,0
DA:731,0
LF:121
LH:0
BRDA:38,0,0,0
BRDA:38,0,1,0
BRDA:39,1,0,0
BRDA:39,1,1,0
BRDA:50,2,0,0
BRDA:50,2,1,0
BRDA:56,3,0,0
BRDA:56,3,1,0
BRDA:80,4,0,0
BRDA:80,4,1,0
BRDA:81,5,0,0
BRDA:81,5,1,0
BRDA:82,6,0,0
BRDA:82,6,1,0
BRDA:83,7,0,0
BRDA:83,7,1,0
BRDA:84,8,0,0
BRDA:84,8,1,0
BRDA:85,9,0,0
BRDA:85,9,1,0
BRDA:86,10,0,0
BRDA:86,10,1,0
BRDA:87,11,0,0
BRDA:87,11,1,0
BRDA:138,12,0,0
BRDA:138,12,1,0
BRDA:139,13,0,0
BRDA:139,13,1,0
BRDA:170,14,0,0
BRDA:170,14,1,0
BRDA:171,15,0,0
BRDA:171,15,1,0
BRDA:206,16,0,0
BRDA:206,16,1,0
BRDA:207,17,0,0
BRDA:207,17,1,0
BRDA:212,18,0,0
BRDA:212,18,1,0
BRDA:215,19,0,0
BRDA:215,19,1,0
BRDA:262,20,0,0
BRDA:262,20,1,0
BRDA:263,21,0,0
BRDA:263,21,1,0
BRDA:274,22,0,0
BRDA:274,22,1,0
BRDA:277,23,0,0
BRDA:277,23,1,0
BRDA:278,24,0,0
BRDA:278,24,1,0
BRDA:304,25,0,0
BRDA:304,25,1,0
BRDA:308,26,0,0
BRDA:308,26,1,0
BRDA:349,27,0,0
BRDA:350,28,0,0
BRDA:351,29,0,0
BRDA:352,30,0,0
BRDA:356,31,0,0
BRDA:356,31,1,0
BRDA:357,32,0,0
BRDA:357,32,1,0
BRDA:362,33,0,0
BRDA:362,33,1,0
BRDA:363,34,0,0
BRDA:363,34,1,0
BRDA:375,35,0,0
BRDA:375,35,1,0
BRDA:378,36,0,0
BRDA:378,36,1,0
BRDA:426,37,0,0
BRDA:426,37,1,0
BRDA:465,38,0,0
BRDA:465,38,1,0
BRDA:466,39,0,0
BRDA:466,39,1,0
BRDA:467,40,0,0
BRDA:467,40,1,0
BRDA:468,41,0,0
BRDA:468,41,1,0
BRDA:469,42,0,0
BRDA:469,42,1,0
BRDA:470,43,0,0
BRDA:470,43,1,0
BRDA:473,44,0,0
BRDA:473,44,1,0
BRDA:474,45,0,0
BRDA:474,45,1,0
BRDA:475,46,0,0
BRDA:475,46,1,0
BRDA:476,47,0,0
BRDA:476,47,1,0
BRDA:477,48,0,0
BRDA:477,48,1,0
BRDA:478,49,0,0
BRDA:478,49,1,0
BRDA:520,50,0,0
BRDA:520,50,1,0
BRDA:525,51,0,0
BRDA:525,51,1,0
BRDA:528,52,0,0
BRDA:528,52,1,0
BRDA:620,53,0,0
BRDA:620,53,1,0
BRDA:625,54,0,0
BRDA:625,54,1,0
BRDA:630,55,0,0
BRDA:630,55,1,0
BRDA:635,56,0,0
BRDA:635,56,1,0
BRDA:647,57,0,0
BRDA:647,57,1,0
BRDA:650,58,0,0
BRDA:650,58,1,0
BRDA:651,59,0,0
BRDA:651,59,1,0
BRDA:652,60,0,0
BRDA:652,60,1,0
BRDA:653,61,0,0
BRDA:653,61,1,0
BRDA:654,62,0,0
BRDA:654,62,1,0
BRDA:655,63,0,0
BRDA:655,63,1,0
BRDA:656,64,0,0
BRDA:656,64,1,0
BRDA:657,65,0,0
BRDA:657,65,1,0
BRDA:667,66,0,0
BRDA:667,66,1,0
BRDA:668,67,0,0
BRDA:668,67,1,0
BRDA:671,68,0,0
BRDA:671,68,1,0
BRF:134
BRH:0
end_of_record
TN:
SF:src\services\shipmentService.js
FN:25,(anonymous_0)
FN:167,(anonymous_1)
FN:252,(anonymous_2)
FN:409,(anonymous_3)
FN:541,(anonymous_4)
FN:605,(anonymous_5)
FN:697,(anonymous_6)
FN:722,(anonymous_7)
FNF:8
FNH:0
FNDA:0,(anonymous_0)
FNDA:0,(anonymous_1)
FNDA:0,(anonymous_2)
FNDA:0,(anonymous_3)
FNDA:0,(anonymous_4)
FNDA:0,(anonymous_5)
FNDA:0,(anonymous_6)
FNDA:0,(anonymous_7)
DA:19,0
DA:25,0
DA:26,0
DA:38,0
DA:40,0
DA:41,0
DA:42,0
DA:45,0
DA:47,0
DA:48,0
DA:55,0
DA:56,0
DA:59,0
DA:60,0
DA:61,0
DA:62,0
DA:65,0
DA:66,0
DA:67,0
DA:68,0
DA:71,0
DA:72,0
DA:73,0
DA:74,0
DA:77,0
DA:78,0
DA:79,0
DA:80,0
DA:83,0
DA:84,0
DA:85,0
DA:86,0
DA:90,0
DA:91,0
DA:92,0
DA:95,0
DA:102,0
DA:103,0
DA:106,0
DA:138,0
DA:140,0
DA:142,0
DA:155,0
DA:156,0
DA:167,0
DA:168,0
DA:169,0
DA:171,0
DA:195,0
DA:197,0
DA:198,0
DA:205,0
DA:220,0
DA:223,0
DA:224,0
DA:225,0
DA:226,0
DA:229,0
DA:240,0
DA:241,0
DA:252,0
DA:253,0
DA:254,0
DA:277,0
DA:280,0
DA:281,0
DA:287,0
DA:290,0
DA:294,0
DA:295,0
DA:296,0
DA:303,0
DA:307,0
DA:308,0
DA:309,0
DA:316,0
DA:319,0
DA:322,0
DA:325,0
DA:328,0
DA:332,0
DA:335,0
DA:349,0
DA:359,0
DA:362,0
DA:367,0
DA:370,0
DA:385,0
DA:387,0
DA:394,0
DA:395,0
DA:396,0
DA:402,0
DA:409,0
DA:410,0
DA:411,0
DA:432,0
DA:435,0
DA:443,0
DA:444,0
DA:451,0
DA:452,0
DA:453,0
DA:460,0
DA:461,0
DA:462,0
DA:464,0
DA:471,0
DA:472,0
DA:473,0
DA:474,0
DA:479,0
DA:480,0
DA:484,0
DA:485,0
DA:487,0
DA:488,0
DA:491,0
DA:493,0
DA:494,0
DA:500,0
DA:501,0
DA:507,0
DA:520,0
DA:522,0
DA:529,0
DA:530,0
DA:541,0
DA:542,0
DA:543,0
DA:546,0
DA:554,0
DA:555,0
DA:561,0
DA:564,0
DA:566,0
DA:570,0
DA:575,0
DA:582,0
DA:585,0
DA:587,0
DA:593,0
DA:594,0
DA:605,0
DA:606,0
DA:607,0
DA:608,0
DA:609,0
DA:611,0
DA:612,0
DA:619,0
DA:627,0
DA:628,0
DA:635,0
DA:640,0
DA:641,0
DA:647,0
DA:648,0
DA:650,0
DA:653,0
DA:654,0
DA:657,0
DA:658,0
DA:659,0
DA:660,0
DA:663,0
DA:664,0
DA:666,0
DA:669,0
DA:674,0
DA:676,0
DA:682,0
DA:683,0
DA:684,0
DA:690,0
DA:697,0
DA:698,0
DA:699,0
DA:703,0
DA:710,0
DA:711,0
DA:722,0
DA:723,0
DA:724,0
DA:731,0
DA:738,0
DA:739,0
DA:747,0
LF:188
LH:0
BRDA:34,0,0,0
BRDA:35,1,0,0
BRDA:36,2,0,0
BRDA:37,3,0,0
BRDA:47,4,0,0
BRDA:47,4,1,0
BRDA:59,5,0,0
BRDA:59,5,1,0
BRDA:65,6,0,0
BRDA:65,6,1,0
BRDA:71,7,0,0
BRDA:71,7,1,0
BRDA:77,8,0,0
BRDA:77,8,1,0
BRDA:83,9,0,0
BRDA:83,9,1,0
BRDA:91,10,0,0
BRDA:91,10,1,0
BRDA:92,11,0,0
BRDA:92,11,1,0
BRDA:197,12,0,0
BRDA:197,12,1,0
BRDA:225,13,0,0
BRDA:225,13,1,0
BRDA:225,14,0,0
BRDA:225,14,1,0
BRDA:271,15,0,0
BRDA:272,16,0,0
BRDA:273,17,0,0
BRDA:280,18,0,0
BRDA:280,18,1,0
BRDA:280,19,0,0
BRDA:280,19,1,0
BRDA:280,19,2,0
BRDA:280,19,3,0
BRDA:280,19,4,0
BRDA:294,20,0,0
BRDA:294,20,1,0
BRDA:307,21,0,0
BRDA:307,21,1,0
BRDA:443,22,0,0
BRDA:443,22,1,0
BRDA:452,23,0,0
BRDA:452,23,1,0
BRDA:472,24,0,0
BRDA:472,24,1,0
BRDA:479,25,0,0
BRDA:479,25,1,0
BRDA:479,26,0,0
BRDA:479,26,1,0
BRDA:484,27,0,0
BRDA:484,27,1,0
BRDA:485,28,0,0
BRDA:485,28,1,0
BRDA:493,29,0,0
BRDA:493,29,1,0
BRDA:554,30,0,0
BRDA:554,30,1,0
BRDA:564,31,0,0
BRDA:564,31,1,0
BRDA:611,32,0,0
BRDA:611,32,1,0
BRDA:627,33,0,0
BRDA:627,33,1,0
BRDA:640,34,0,0
BRDA:640,34,1,0
BRDA:657,35,0,0
BRDA:657,35,1,0
BRDA:659,36,0,0
BRDA:659,36,1,0
BRDA:672,37,0,0
BRDA:672,37,1,0
BRDA:672,38,0,0
BRDA:672,38,1,0
BRF:74
BRH:0
end_of_record
TN:
SF:src\services\staffService.js
FN:8,(anonymous_0)
FN:57,(anonymous_1)
FN:131,(anonymous_2)
FN:171,(anonymous_3)
FN:261,(anonymous_4)
FN:302,(anonymous_5)
FNF:6
FNH:0
FNDA:0,(anonymous_0)
FNDA:0,(anonymous_1)
FNDA:0,(anonymous_2)
FNDA:0,(anonymous_3)
FNDA:0,(anonymous_4)
FNDA:0,(anonymous_5)
DA:1,0
DA:2,0
DA:8,0
DA:9,0
DA:10,0
DA:13,0
DA:14,0
DA:17,0
DA:18,0
DA:21,0
DA:32,0
DA:44,0
DA:45,0
DA:57,0
DA:58,0
DA:59,0
DA:62,0
DA:63,0
DA:69,0
DA:70,0
DA:77,0
DA:82,0
DA:83,0
DA:90,0
DA:95,0
DA:96,0
DA:103,0
DA:106,0
DA:113,0
DA:119,0
DA:120,0
DA:131,0
DA:132,0
DA:133,0
DA:135,0
DA:145,0
DA:146,0
DA:152,0
DA:158,0
DA:159,0
DA:171,0
DA:172,0
DA:173,0
DA:174,0
DA:176,0
DA:177,0
DA:184,0
DA:185,0
DA:186,0
DA:192,0
DA:197,0
DA:198,0
DA:207,0
DA:208,0
DA:216,0
DA:225,0
DA:226,0
DA:233,0
DA:243,0
DA:249,0
DA:250,0
DA:261,0
DA:262,0
DA:263,0
DA:266,0
DA:271,0
DA:272,0
DA:279,0
DA:284,0
DA:289,0
DA:290,0
DA:302,0
DA:303,0
DA:304,0
DA:305,0
DA:308,0
DA:309,0
DA:316,0
DA:321,0
DA:322,0
DA:328,0
DA:336,0
DA:337,0
DA:343,0
DA:349,0
DA:350,0
DA:358,0
LF:87
LH:0
BRDA:10,0,0,0
BRDA:10,1,0,0
BRDA:13,2,0,0
BRDA:13,2,1,0
BRDA:14,3,0,0
BRDA:14,3,1,0
BRDA:59,4,0,0
BRDA:62,5,0,0
BRDA:62,5,1,0
BRDA:62,6,0,0
BRDA:62,6,1,0
BRDA:62,6,2,0
BRDA:62,6,3,0
BRDA:69,7,0,0
BRDA:69,7,1,0
BRDA:82,8,0,0
BRDA:82,8,1,0
BRDA:95,9,0,0
BRDA:95,9,1,0
BRDA:110,10,0,0
BRDA:110,10,1,0
BRDA:145,11,0,0
BRDA:145,11,1,0
BRDA:176,12,0,0
BRDA:176,12,1,0
BRDA:184,13,0,0
BRDA:184,13,1,0
BRDA:185,14,0,0
BRDA:185,14,1,0
BRDA:197,15,0,0
BRDA:197,15,1,0
BRDA:207,16,0,0
BRDA:207,16,1,0
BRDA:213,17,0,0
BRDA:213,17,1,0
BRDA:221,18,0,0
BRDA:221,18,1,0
BRDA:225,19,0,0
BRDA:225,19,1,0
BRDA:271,20,0,0
BRDA:271,20,1,0
BRDA:308,21,0,0
BRDA:308,21,1,0
BRDA:308,22,0,0
BRDA:308,22,1,0
BRDA:321,23,0,0
BRDA:321,23,1,0
BRDA:336,24,0,0
BRDA:336,24,1,0
BRF:49
BRH:0
end_of_record
TN:
SF:src\services\supplierService.js
FN:20,(anonymous_0)
FN:127,(anonymous_1)
FN:192,(anonymous_2)
FN:286,(anonymous_3)
FN:378,(anonymous_4)
FNF:5
FNH:0
FNDA:0,(anonymous_0)
FNDA:0,(anonymous_1)
FNDA:0,(anonymous_2)
FNDA:0,(anonymous_3)
FNDA:0,(anonymous_4)
DA:14,0
DA:20,0
DA:21,0
DA:30,0
DA:32,0
DA:33,0
DA:34,0
DA:37,0
DA:39,0
DA:40,0
DA:46,0
DA:47,0
DA:50,0
DA:51,0
DA:52,0
DA:53,0
DA:56,0
DA:57,0
DA:58,0
DA:59,0
DA:63,0
DA:64,0
DA:65,0
DA:68,0
DA:73,0
DA:74,0
DA:77,0
DA:98,0
DA:100,0
DA:102,0
DA:115,0
DA:116,0
DA:127,0
DA:128,0
DA:129,0
DA:131,0
DA:142,0
DA:144,0
DA:145,0
DA:152,0
DA:168,0
DA:170,0
DA:180,0
DA:181,0
DA:192,0
DA:193,0
DA:203,0
DA:206,0
DA:207,0
DA:214,0
DA:215,0
DA:217,0
DA:224,0
DA:225,0
DA:228,0
DA:229,0
DA:234,0
DA:235,0
DA:243,0
DA:251,0
DA:257,0
DA:265,0
DA:267,0
DA:274,0
DA:275,0
DA:286,0
DA:287,0
DA:288,0
DA:298,0
DA:301,0
DA:306,0
DA:307,0
DA:314,0
DA:315,0
DA:320,0
DA:321,0
DA:329,0
DA:343,0
DA:349,0
DA:357,0
DA:359,0
DA:366,0
DA:367,0
DA:378,0
DA:379,0
DA:380,0
DA:383,0
DA:388,0
DA:389,0
DA:396,0
DA:403,0
DA:405,0
DA:410,0
DA:417,0
DA:419,0
DA:425,0
DA:426,0
DA:434,0
LF:98
LH:0
BRDA:26,0,0,0
BRDA:27,1,0,0
BRDA:28,2,0,0
BRDA:29,3,0,0
BRDA:39,4,0,0
BRDA:39,4,1,0
BRDA:50,5,0,0
BRDA:50,5,1,0
BRDA:56,6,0,0
BRDA:56,6,1,0
BRDA:58,7,0,0
BRDA:58,7,1,0
BRDA:64,8,0,0
BRDA:64,8,1,0
BRDA:65,9,0,0
BRDA:65,9,1,0
BRDA:144,10,0,0
BRDA:144,10,1,0
BRDA:202,11,0,0
BRDA:206,12,0,0
BRDA:206,12,1,0
BRDA:224,13,0,0
BRDA:224,13,1,0
BRDA:228,14,0,0
BRDA:228,14,1,0
BRDA:234,15,0,0
BRDA:234,15,1,0
BRDA:252,16,0,0
BRDA:252,16,1,0
BRDA:252,17,0,0
BRDA:252,17,1,0
BRDA:252,18,0,0
BRDA:252,18,1,0
BRDA:253,19,0,0
BRDA:253,19,1,0
BRDA:253,20,0,0
BRDA:253,20,1,0
BRDA:253,21,0,0
BRDA:253,21,1,0
BRDA:306,22,0,0
BRDA:306,22,1,0
BRDA:314,23,0,0
BRDA:314,23,1,0
BRDA:320,24,0,0
BRDA:320,24,1,0
BRDA:344,25,0,0
BRDA:344,25,1,0
BRDA:344,26,0,0
BRDA:344,26,1,0
BRDA:344,27,0,0
BRDA:344,27,1,0
BRDA:345,28,0,0
BRDA:345,28,1,0
BRDA:345,29,0,0
BRDA:345,29,1,0
BRDA:345,30,0,0
BRDA:345,30,1,0
BRDA:388,31,0,0
BRDA:388,31,1,0
BRDA:403,32,0,0
BRDA:403,32,1,0
BRF:61
BRH:0
end_of_record
TN:
SF:src\utils\responseHelper.js
FN:12,(anonymous_0)
FN:30,(anonymous_1)
FN:53,(anonymous_2)
FN:73,(anonymous_3)
FN:80,(anonymous_4)
FN:87,(anonymous_5)
FN:94,(anonymous_6)
FN:101,(anonymous_7)
FN:108,(anonymous_8)
FN:115,(anonymous_9)
FNF:10
FNH:0
FNDA:0,(anonymous_0)
FNDA:0,(anonymous_1)
FNDA:0,(anonymous_2)
FNDA:0,(anonymous_3)
FNDA:0,(anonymous_4)
FNDA:0,(anonymous_5)
FNDA:0,(anonymous_6)
FNDA:0,(anonymous_7)
FNDA:0,(anonymous_8)
FNDA:0,(anonymous_9)
DA:12,0
DA:13,0
DA:30,0
DA:31,0
DA:39,0
DA:40,0
DA:43,0
DA:53,0
DA:54,0
DA:73,0
DA:74,0
DA:80,0
DA:81,0
DA:87,0
DA:88,0
DA:94,0
DA:95,0
DA:101,0
DA:102,0
DA:108,0
DA:109,0
DA:115,0
DA:116,0
DA:119,0
LF:24
LH:0
BRDA:12,0,0,0
BRDA:12,1,0,0
BRDA:12,2,0,0
BRDA:30,3,0,0
BRDA:30,4,0,0
BRDA:30,5,0,0
BRDA:30,6,0,0
BRDA:39,7,0,0
BRDA:39,7,1,0
BRDA:53,8,0,0
BRDA:61,9,0,0
BRDA:61,9,1,0
BRDA:73,10,0,0
BRDA:87,11,0,0
BRDA:94,12,0,0
BRDA:101,13,0,0
BRDA:108,14,0,0
BRDA:115,15,0,0
BRF:18
BRH:0
end_of_record
TN:
SF:src\validators\authValidator.js
FNF:0
FNH:0
DA:5,0
DA:8,0
DA:29,0
DA:38,0
LF:4
LH:0
BRF:0
BRH:0
end_of_record
TN:
SF:src\validators\bankAccountValidator.js
FNF:0
FNH:0
DA:6,0
DA:9,0
DA:86,0
DA:153,0
LF:4
LH:0
BRF:0
BRH:0
end_of_record
TN:
SF:src\validators\cashbookValidator.js
FNF:0
FNH:0
DA:9,0
DA:12,0
DA:18,0
DA:21,0
DA:23,0
DA:180,0
LF:6
LH:0
BRF:0
BRH:0
end_of_record
TN:
SF:src\validators\catalogValidator.js
FNF:0
FNH:0
DA:5,0
DA:8,0
DA:25,0
DA:50,0
DA:56,0
LF:5
LH:0
BRF:0
BRH:0
end_of_record
TN:
SF:src\validators\checkoutValidator.js
FNF:0
FNH:0
DA:6,0
DA:9,0
DA:19,0
DA:51,0
DA:89,0
LF:5
LH:0
BRF:0
BRH:0
end_of_record
TN:
SF:src\validators\collectionValidator.js
FNF:0
FNH:0
DA:5,0
DA:8,0
DA:38,0
DA:53,0
DA:60,0
LF:5
LH:0
BRF:0
BRH:0
end_of_record
TN:
SF:src\validators\commonValidator.js
FNF:0
FNH:0
DA:5,0
DA:8,0
DA:21,0
DA:34,0
DA:48,0
DA:55,0
DA:63,0
DA:72,0
DA:83,0
LF:9
LH:0
BRF:0
BRH:0
end_of_record
TN:
SF:src\validators\customerValidator.js
FNF:0
FNH:0
DA:5,0
DA:7,0
DA:73,0
LF:3
LH:0
BRF:0
BRH:0
end_of_record
TN:
SF:src\validators\discountValidator.js
FNF:0
FNH:0
DA:9,0
DA:12,0
DA:13,0
DA:15,0
DA:233,0
LF:5
LH:0
BRF:0
BRH:0
end_of_record
TN:
SF:src\validators\index.js
FNF:0
FNH:0
DA:5,0
DA:6,0
DA:7,0
DA:8,0
DA:9,0
DA:10,0
DA:11,0
DA:12,0
DA:13,0
DA:14,0
DA:15,0
DA:16,0
DA:17,0
DA:18,0
DA:19,0
DA:20,0
DA:21,0
DA:22,0
DA:24,0
LF:19
LH:0
BRF:0
BRH:0
end_of_record
TN:
SF:src\validators\inventoryValidator.js
FN:88,(anonymous_0)
FNF:1
FNH:0
FNDA:0,(anonymous_0)
DA:5,0
DA:8,0
DA:34,0
DA:57,0
DA:89,0
DA:90,0
DA:92,0
DA:96,0
DA:122,0
DA:151,0
DA:160,0
DA:168,0
LF:12
LH:0
BRDA:89,0,0,0
BRDA:89,0,1,0
BRF:2
BRH:0
end_of_record
TN:
SF:src\validators\orderValidator.js
FNF:0
FNH:0
DA:5,0
DA:8,0
DA:42,0
DA:97,0
DA:118,0
DA:125,0
DA:136,0
LF:7
LH:0
BRF:0
BRH:0
end_of_record
TN:
SF:src\validators\posValidator.js
FNF:0
FNH:0
DA:1,0
DA:8,0
DA:37,0
DA:59,0
DA:66,0
DA:74,0
LF:6
LH:0
BRF:0
BRH:0
end_of_record
TN:
SF:src\validators\productValidator.js
FNF:0
FNH:0
DA:5,0
DA:8,0
DA:82,0
DA:107,0
DA:117,0
DA:133,0
LF:6
LH:0
BRF:0
BRH:0
end_of_record
TN:
SF:src\validators\profileValidator.js
FNF:0
FNH:0
DA:5,0
DA:8,0
DA:27,0
DA:52,0
LF:4
LH:0
BRF:0
BRH:0
end_of_record
TN:
SF:src\validators\reportValidator.js
FNF:0
FNH:0
DA:1,0
DA:8,0
DA:27,0
DA:39,0
DA:47,0
LF:5
LH:0
BRF:0
BRH:0
end_of_record
TN:
SF:src\validators\shipmentValidator.js
FNF:0
FNH:0
DA:9,0
DA:12,0
DA:17,0
DA:247,0
LF:4
LH:0
BRF:0
BRH:0
end_of_record
TN:
SF:src\validators\staffValidator.js
FNF:0
FNH:0
DA:5,0
DA:8,0
DA:64,0
DA:84,0
DA:97,0
DA:110,0
DA:118,0
LF:7
LH:0
BRF:0
BRH:0
end_of_record
TN:
SF:src\validators\supplierValidator.js
FNF:0
FNH:0
DA:5,0
DA:7,0
DA:51,0
LF:3
LH:0
BRF:0
BRH:0
end_of_record
